2023-03-17 10:51:05,831 [INFO] Activator:179 - 


2023-03-17 10:51:05,831 [INFO] Activator:180 - !SESSION log4j initialized
2023-03-17 10:51:32,305 [ERROR] LogOutputStream:74 - [STDERR_REDIRECT] SLF4J: Failed to load class "org.slf4j.impl.StaticLoggerBinder".
2023-03-17 10:51:32,305 [ERROR] LogOutputStream:74 - [STDERR_REDIRECT] SLF4J: Defaulting to no-operation (NOP) logger implementation
2023-03-17 10:51:32,305 [ERROR] LogOutputStream:74 - [STDERR_REDIRECT] SLF4J: See http://www.slf4j.org/codes.html#StaticLoggerBinder for further details.
2023-03-17 11:02:28,793 [INFO] McuFinderGlobals:52 - Set McuFinder mode to 2 (CubeIDE integrated)
2023-03-17 11:02:30,532 [INFO] ApplicationProperties:181 - Using Application install path: C:\ST\STM32CubeIDE_1.11.0\STM32CubeIDE\plugins\com.st.stm32cube.common.mx_6.7.0.202301130839
2023-03-17 11:02:30,560 [INFO] DbMcusXml:77 - Set database path to: C:\ST\STM32CubeIDE_1.11.0\STM32CubeIDE\plugins\com.st.stm32cube.common.mx_6.7.0.202301130839\\db\/mcu/
2023-03-17 11:02:30,564 [INFO] ApiDb:273 - Set plugin database path to: C:\ST\STM32CubeIDE_1.11.0\STM32CubeIDE\plugins\com.st.stm32cube.common.mx_6.7.0.202301130839\\db\/plugins/boardmanager/
2023-03-17 11:02:30,564 [WARN] ApiDb:258 - Overriding images path with different value:  => C:\ST\STM32CubeIDE_1.11.0\STM32CubeIDE\plugins\com.st.stm32cube.common.mx_6.7.0.202301130839\\db\/plugins/mcufinder/images/
2023-03-17 11:02:30,592 [INFO] ApiDb:249 - Set database path to: C:\Users\Administrator\.stmcufinder\plugins\mcufinder//mcu/
2023-03-17 11:02:30,592 [INFO] DbMcusAds:124 - Set database path to: C:\Users\Administrator\.stmcufinder\plugins\mcufinder//mcu/
2023-03-17 11:02:30,656 [INFO] CrossReferenceDbSqlite:202 - Set database path to: C:\Users\Administrator\.stmcufinder\plugins\mcufinder//mcu/cs/
2023-03-17 11:02:30,811 [INFO] RulesReader:61 - Compatibility file has been processed (283 Rules)
2023-03-17 11:02:30,935 [INFO] DbMcusXml:77 - Set database path to: C:\ST\STM32CubeIDE_1.11.0\STM32CubeIDE\plugins\com.st.stm32cube.common.mx_6.7.0.202301130839\\db\/mcu/
2023-03-17 11:02:30,935 [INFO] ApiDb:273 - Set plugin database path to: C:\ST\STM32CubeIDE_1.11.0\STM32CubeIDE\plugins\com.st.stm32cube.common.mx_6.7.0.202301130839\\db\/plugins/boardmanager/
2023-03-17 11:02:30,935 [INFO] ApiDb:260 - Set plugin images path to: C:\ST\STM32CubeIDE_1.11.0\STM32CubeIDE\plugins\com.st.stm32cube.common.mx_6.7.0.202301130839\\db\/plugins/mcufinder/images/
2023-03-17 11:02:30,935 [WARN] DbFile:40 - Overriding database path with different value: C:\Users\Administrator\.stmcufinder\plugins\mcufinder/ => C:\Users\Administrator\.stmcufinder\plugins\mcufinder
2023-03-17 11:02:30,935 [INFO] ApiDb:249 - Set database path to: C:\Users\Administrator\.stmcufinder\plugins\mcufinder//mcu/
2023-03-17 11:02:30,935 [WARN] DbFile:40 - Overriding database path with different value: C:\Users\Administrator\.stmcufinder\plugins\mcufinder/ => C:\Users\Administrator\.stmcufinder\plugins\mcufinder
2023-03-17 11:02:30,935 [INFO] DbMcusAds:124 - Set database path to: C:\Users\Administrator\.stmcufinder\plugins\mcufinder//mcu/
2023-03-17 11:02:30,939 [WARN] DbFile:40 - Overriding database path with different value: C:\Users\Administrator\.stmcufinder\plugins\mcufinder/ => C:\Users\Administrator\.stmcufinder\plugins\mcufinder
2023-03-17 11:02:30,939 [WARN] DbFile:40 - Overriding database path with different value: C:\Users\Administrator\.stmcufinder\plugins\mcufinder/ => C:\Users\Administrator\.stmcufinder\plugins\mcufinder
2023-03-17 11:02:30,939 [INFO] CrossReferenceDbSqlite:202 - Set database path to: C:\Users\Administrator\.stmcufinder\plugins\mcufinder//mcu/cs/
2023-03-17 11:02:31,053 [INFO] MainPanel:252 - HeapMemory: 485490688
2023-03-17 11:02:31,216 [INFO] DbMcusXml:77 - Set database path to: C:\ST\STM32CubeIDE_1.11.0\STM32CubeIDE\plugins\com.st.stm32cube.common.mx_6.7.0.202301130839\\db\/mcu/
2023-03-17 11:02:31,216 [INFO] ApiDb:273 - Set plugin database path to: C:\ST\STM32CubeIDE_1.11.0\STM32CubeIDE\plugins\com.st.stm32cube.common.mx_6.7.0.202301130839\\db\/plugins/boardmanager/
2023-03-17 11:02:31,216 [INFO] ApiDb:260 - Set plugin images path to: C:\ST\STM32CubeIDE_1.11.0\STM32CubeIDE\plugins\com.st.stm32cube.common.mx_6.7.0.202301130839\\db\/plugins/mcufinder/images/
2023-03-17 11:02:31,220 [WARN] DbFile:40 - Overriding database path with different value: C:\Users\Administrator\.stmcufinder\plugins\mcufinder/ => C:\Users\Administrator\.stmcufinder\plugins\mcufinder
2023-03-17 11:02:31,220 [INFO] ApiDb:249 - Set database path to: C:\Users\Administrator\.stmcufinder\plugins\mcufinder//mcu/
2023-03-17 11:02:31,220 [WARN] DbFile:40 - Overriding database path with different value: C:\Users\Administrator\.stmcufinder\plugins\mcufinder/ => C:\Users\Administrator\.stmcufinder\plugins\mcufinder
2023-03-17 11:02:31,220 [INFO] DbMcusAds:124 - Set database path to: C:\Users\Administrator\.stmcufinder\plugins\mcufinder//mcu/
2023-03-17 11:02:31,220 [WARN] DbFile:40 - Overriding database path with different value: C:\Users\Administrator\.stmcufinder\plugins\mcufinder/ => C:\Users\Administrator\.stmcufinder\plugins\mcufinder
2023-03-17 11:02:31,220 [WARN] DbFile:40 - Overriding database path with different value: C:\Users\Administrator\.stmcufinder\plugins\mcufinder/ => C:\Users\Administrator\.stmcufinder\plugins\mcufinder
2023-03-17 11:02:31,220 [INFO] CrossReferenceDbSqlite:202 - Set database path to: C:\Users\Administrator\.stmcufinder\plugins\mcufinder//mcu/cs/
2023-03-17 11:02:31,251 [INFO] ApplicationProperties:181 - Using Application install path: C:\ST\STM32CubeIDE_1.11.0\STM32CubeIDE\plugins\com.st.stm32cube.common.mx_6.7.0.202301130839
2023-03-17 11:02:31,255 [INFO] PluginManage:193 - Search for loadable plugins [exclusion list=, ]
2023-03-17 11:02:31,255 [INFO] PluginManage:307 - Check plugin analytics
2023-03-17 11:02:31,519 [INFO] AnalyticsPlugin:262 - Accepted Software Licenses: 
2023-03-17 11:02:31,523 [INFO] AnalyticsPlugin:264 - Accepted CMSIS Pack Licenses: 
2023-03-17 11:02:31,523 [INFO] AnalyticsPlugin:266 - Accepted Firmware Licenses: 
2023-03-17 11:02:31,571 [INFO] PluginManage:356 - Loaded plugin analytics (category:tool,tabindex:-1)
2023-03-17 11:02:31,571 [INFO] PluginManage:307 - Check plugin cadmodel
2023-03-17 11:02:31,611 [INFO] CADModel:104 - Init CAD model plugin
2023-03-17 11:02:31,611 [INFO] PluginManage:356 - Loaded plugin cadmodel (category:power,tabindex:5)
2023-03-17 11:02:31,615 [INFO] PluginManage:307 - Check plugin clock
2023-03-17 11:02:31,647 [INFO] PluginManage:356 - Loaded plugin clock (category:base,tabindex:2)
2023-03-17 11:02:31,647 [INFO] PluginManage:307 - Check plugin ddr
2023-03-17 11:02:31,651 [INFO] PluginManage:356 - Loaded plugin ddr (category:tool,tabindex:6)
2023-03-17 11:02:31,651 [INFO] PluginManage:307 - Check plugin filemanager
2023-03-17 11:02:31,920 [INFO] PluginManage:356 - Loaded plugin filemanager (category:base,tabindex:10)
2023-03-17 11:02:31,920 [INFO] PluginManage:307 - Check plugin ipmanager
2023-03-17 11:02:31,932 [INFO] PluginManage:356 - Loaded plugin ipmanager (category:base,tabindex:5)
2023-03-17 11:02:31,932 [INFO] PluginManage:307 - Check plugin lpbam
2023-03-17 11:02:31,968 [INFO] PluginManage:356 - Loaded plugin lpbam (category:base,tabindex:0)
2023-03-17 11:02:31,968 [INFO] PluginManage:307 - Check plugin pinoutandconfiguration
2023-03-17 11:02:31,992 [INFO] PluginManage:356 - Loaded plugin pinoutandconfiguration (category:base,tabindex:1)
2023-03-17 11:02:31,992 [INFO] PluginManage:307 - Check plugin pinoutconfig
2023-03-17 11:02:32,048 [INFO] PluginManage:356 - Loaded plugin pinoutconfig (category:base,tabindex:0)
2023-03-17 11:02:32,048 [INFO] PluginManage:307 - Check plugin power
2023-03-17 11:02:32,073 [INFO] PluginManage:356 - Loaded plugin power (category:power,tabindex:4)
2023-03-17 11:02:32,073 [INFO] PluginManage:307 - Check plugin projectmanager
2023-03-17 11:02:32,096 [INFO] PluginManage:356 - Loaded plugin projectmanager (category:projectmanager,tabindex:3)
2023-03-17 11:02:32,096 [INFO] PluginManage:307 - Check plugin thirdparty
2023-03-17 11:02:32,473 [WARN] IntegrityCheckThread:82 - waiting for thirdparty lock release [integrity check]
2023-03-17 11:02:32,477 [INFO] PluginManage:356 - Loaded plugin thirdparty (category:base,tabindex:-1)
2023-03-17 11:02:32,477 [INFO] IntegrityCheckThread:84 - entering critical section [integrity check]
2023-03-17 11:02:32,477 [INFO] PluginManage:307 - Check plugin tools
2023-03-17 11:02:32,481 [INFO] ThirdPartyUpdaterWithRetryManager:70 - Updater plugin not ready yet. [1/15]
2023-03-17 11:02:32,513 [INFO] PluginManage:356 - Loaded plugin tools (category:base,tabindex:7)
2023-03-17 11:02:32,513 [INFO] PluginManage:307 - Check plugin tutovideos
2023-03-17 11:02:32,854 [INFO] PluginManage:356 - Loaded plugin tutovideos (category:base,tabindex:-1)
2023-03-17 11:02:32,854 [INFO] PluginManage:307 - Check plugin updater
2023-03-17 11:02:32,874 [INFO] PluginManage:356 - Loaded plugin updater (category:base,tabindex:12)
2023-03-17 11:02:32,878 [INFO] PluginManage:280 - PluginManage : Loaded plugins [15]
2023-03-17 11:02:33,251 [INFO] PinOutPanel:1477 - setPackage(No Configuration,No Configuration)
2023-03-17 11:02:33,391 [INFO] CADModel:164 - CPN selected for project level
2023-03-17 11:02:33,391 [INFO] CADModel:113 - Register for checkConnection events
2023-03-17 11:02:33,431 [INFO] IPUIPlugin:79 - create IPUIPlugin
2023-03-17 11:02:33,431 [INFO] PluginManager:219 - loadIPPluginJar : add adc
2023-03-17 11:02:33,475 [INFO] IPUIPlugin:79 - create IPUIPlugin
2023-03-17 11:02:33,475 [INFO] PluginManager:219 - loadIPPluginJar : add aes
2023-03-17 11:02:33,519 [INFO] IPUIPlugin:79 - create IPUIPlugin
2023-03-17 11:02:33,523 [INFO] PluginManager:219 - loadIPPluginJar : add can
2023-03-17 11:02:33,551 [INFO] IPUIPlugin:79 - create IPUIPlugin
2023-03-17 11:02:33,551 [INFO] PluginManager:219 - loadIPPluginJar : add comp
2023-03-17 11:02:33,587 [INFO] IPUIPlugin:79 - create IPUIPlugin
2023-03-17 11:02:33,591 [INFO] PluginManager:219 - loadIPPluginJar : add cryp
2023-03-17 11:02:33,631 [INFO] IPUIPlugin:79 - create IPUIPlugin
2023-03-17 11:02:33,631 [INFO] PluginManager:219 - loadIPPluginJar : add dfsdm
2023-03-17 11:02:33,652 [INFO] IPUIPlugin:79 - create IPUIPlugin
2023-03-17 11:02:33,652 [INFO] PluginManager:219 - loadIPPluginJar : add dma
2023-03-17 11:02:33,712 [INFO] IPUIPlugin:79 - create IPUIPlugin
2023-03-17 11:02:33,712 [INFO] PluginManager:219 - loadIPPluginJar : add dma3
2023-03-17 11:02:33,764 [INFO] IPUIPlugin:79 - create IPUIPlugin
2023-03-17 11:02:33,764 [INFO] PluginManager:219 - loadIPPluginJar : add fatfs
2023-03-17 11:02:33,900 [INFO] IPUIPlugin:79 - create IPUIPlugin
2023-03-17 11:02:33,900 [INFO] PluginManager:219 - loadIPPluginJar : add fmc
2023-03-17 11:02:33,932 [INFO] IPUIPlugin:79 - create IPUIPlugin
2023-03-17 11:02:33,932 [INFO] PluginManager:219 - loadIPPluginJar : add freertos
2023-03-17 11:02:33,972 [INFO] IPUIPlugin:79 - create IPUIPlugin
2023-03-17 11:02:33,972 [INFO] PluginManager:219 - loadIPPluginJar : add genericplugin
2023-03-17 11:02:34,116 [INFO] IPUIPlugin:79 - create IPUIPlugin
2023-03-17 11:02:34,120 [INFO] PluginManager:219 - loadIPPluginJar : add gfxmmu
2023-03-17 11:02:34,283 [INFO] IPUIPlugin:79 - create IPUIPlugin
2023-03-17 11:02:34,283 [INFO] PluginManager:219 - loadIPPluginJar : add gic
2023-03-17 11:02:34,302 [INFO] IPUIPlugin:79 - create IPUIPlugin
2023-03-17 11:02:34,302 [INFO] PluginManager:219 - loadIPPluginJar : add gpio
2023-03-17 11:02:34,393 [INFO] IPUIPlugin:79 - create IPUIPlugin
2023-03-17 11:02:34,393 [INFO] PluginManager:219 - loadIPPluginJar : add gtzc
2023-03-17 11:02:34,422 [INFO] IPUIPlugin:79 - create IPUIPlugin
2023-03-17 11:02:34,422 [INFO] PluginManager:219 - loadIPPluginJar : add hash
2023-03-17 11:02:34,471 [INFO] IPUIPlugin:79 - create IPUIPlugin
2023-03-17 11:02:34,471 [INFO] PluginManager:219 - loadIPPluginJar : add i2c
2023-03-17 11:02:34,507 [INFO] IPUIPlugin:79 - create IPUIPlugin
2023-03-17 11:02:34,507 [INFO] PluginManager:219 - loadIPPluginJar : add i2s
2023-03-17 11:02:34,614 [INFO] IPUIPlugin:79 - create IPUIPlugin
2023-03-17 11:02:34,614 [INFO] PluginManager:219 - loadIPPluginJar : add ipddr
2023-03-17 11:02:34,702 [INFO] IPUIPlugin:79 - create IPUIPlugin
2023-03-17 11:02:34,702 [INFO] PluginManager:219 - loadIPPluginJar : add linkedlist
2023-03-17 11:02:34,734 [INFO] IPUIPlugin:79 - create IPUIPlugin
2023-03-17 11:02:34,734 [INFO] PluginManager:219 - loadIPPluginJar : add lorawan
2023-03-17 11:02:34,770 [INFO] IPUIPlugin:79 - create IPUIPlugin
2023-03-17 11:02:34,770 [INFO] PluginManager:219 - loadIPPluginJar : add ltdc
2023-03-17 11:02:34,787 [INFO] IPUIPlugin:79 - create IPUIPlugin
2023-03-17 11:02:34,787 [INFO] PluginManager:219 - loadIPPluginJar : add mdma
2023-03-17 11:02:34,803 [INFO] IPUIPlugin:79 - create IPUIPlugin
2023-03-17 11:02:34,803 [INFO] PluginManager:219 - loadIPPluginJar : add nvic
2023-03-17 11:02:34,871 [INFO] IPUIPlugin:79 - create IPUIPlugin
2023-03-17 11:02:34,875 [INFO] PluginManager:219 - loadIPPluginJar : add opamp
2023-03-17 11:02:34,973 [INFO] IPUIPlugin:79 - create IPUIPlugin
2023-03-17 11:02:34,973 [INFO] PluginManager:219 - loadIPPluginJar : add openamp
2023-03-17 11:02:35,037 [INFO] IPUIPlugin:79 - create IPUIPlugin
2023-03-17 11:02:35,037 [INFO] PluginManager:219 - loadIPPluginJar : add pdm2pcm
2023-03-17 11:02:35,053 [INFO] IPUIPlugin:79 - create IPUIPlugin
2023-03-17 11:02:35,057 [INFO] PluginManager:219 - loadIPPluginJar : add plateformsettings
2023-03-17 11:02:35,077 [INFO] IPUIPlugin:79 - create IPUIPlugin
2023-03-17 11:02:35,077 [INFO] PluginManager:219 - loadIPPluginJar : add quadspi
2023-03-17 11:02:35,093 [INFO] IPUIPlugin:79 - create IPUIPlugin
2023-03-17 11:02:35,093 [INFO] PluginManager:219 - loadIPPluginJar : add resmgrutility
2023-03-17 11:02:35,139 [INFO] IPUIPlugin:79 - create IPUIPlugin
2023-03-17 11:02:35,139 [INFO] PluginManager:219 - loadIPPluginJar : add sai
2023-03-17 11:02:35,172 [INFO] IPUIPlugin:79 - create IPUIPlugin
2023-03-17 11:02:35,172 [INFO] PluginManager:219 - loadIPPluginJar : add spi
2023-03-17 11:02:35,225 [INFO] IPUIPlugin:79 - create IPUIPlugin
2023-03-17 11:02:35,225 [INFO] PluginManager:219 - loadIPPluginJar : add stm32_wpan
2023-03-17 11:02:35,250 [INFO] IPUIPlugin:79 - create IPUIPlugin
2023-03-17 11:02:35,250 [INFO] PluginManager:219 - loadIPPluginJar : add tim
2023-03-17 11:02:35,300 [INFO] IPUIPlugin:79 - create IPUIPlugin
2023-03-17 11:02:35,300 [INFO] PluginManager:219 - loadIPPluginJar : add touchsensing
2023-03-17 11:02:35,324 [INFO] IPUIPlugin:79 - create IPUIPlugin
2023-03-17 11:02:35,324 [INFO] PluginManager:219 - loadIPPluginJar : add tracer_emb
2023-03-17 11:02:35,344 [INFO] IPUIPlugin:79 - create IPUIPlugin
2023-03-17 11:02:35,344 [INFO] PluginManager:219 - loadIPPluginJar : add ts
2023-03-17 11:02:35,364 [INFO] IPUIPlugin:79 - create IPUIPlugin
2023-03-17 11:02:35,364 [INFO] PluginManager:219 - loadIPPluginJar : add tsc
2023-03-17 11:02:35,388 [INFO] IPUIPlugin:79 - create IPUIPlugin
2023-03-17 11:02:35,388 [INFO] PluginManager:219 - loadIPPluginJar : add ucpd
2023-03-17 11:02:35,428 [INFO] IPUIPlugin:79 - create IPUIPlugin
2023-03-17 11:02:35,428 [INFO] PluginManager:219 - loadIPPluginJar : add usart
2023-03-17 11:02:35,468 [INFO] IPUIPlugin:79 - create IPUIPlugin
2023-03-17 11:02:35,468 [INFO] PluginManager:219 - loadIPPluginJar : add usbx
2023-03-17 11:02:35,495 [INFO] ThirdPartyUpdaterWithRetryManager:70 - Updater plugin not ready yet. [2/15]
2023-03-17 11:02:35,626 [INFO] CADModel:164 - CPN selected for project level
2023-03-17 11:02:35,626 [INFO] CADModel:113 - Register for checkConnection events
2023-03-17 11:02:35,626 [FATAL] Updater:308 - Updater called before beeing initialized
2023-03-17 11:02:35,626 [ERROR] CADModel:124 - Updater not yet initialized, retry later 
2023-03-17 11:02:35,980 [INFO] CADModel:164 - CPN selected for project level
2023-03-17 11:02:35,980 [INFO] CADModel:113 - Register for checkConnection events
2023-03-17 11:02:35,980 [FATAL] Updater:308 - Updater called before beeing initialized
2023-03-17 11:02:35,980 [ERROR] CADModel:124 - Updater not yet initialized, retry later 
2023-03-17 11:02:35,984 [FATAL] Updater:308 - Updater called before beeing initialized
2023-03-17 11:02:36,228 [FATAL] Updater:308 - Updater called before beeing initialized
2023-03-17 11:02:36,240 [INFO] DbMcusAds:52 - JSON generation date=Tue Mar 07 15:50:55 ICT 2023 (1678179055114)
2023-03-17 11:02:36,244 [FATAL] Updater:308 - Updater called before beeing initialized
2023-03-17 11:02:36,340 [WARN] DetailPanel:344 - Failed to get advertising image, set to default
2023-03-17 11:02:36,500 [FATAL] Updater:308 - Updater called before beeing initialized
2023-03-17 11:02:36,504 [FATAL] Updater:308 - Updater called before beeing initialized
2023-03-17 11:02:36,504 [FATAL] Updater:308 - Updater called before beeing initialized
2023-03-17 11:02:36,504 [WARN] DetailPanel:344 - Failed to get advertising image, set to default
2023-03-17 11:02:36,504 [FATAL] Updater:308 - Updater called before beeing initialized
2023-03-17 11:02:36,588 [ERROR] Updater:1120 - MainUpdater not yet initialized. External WinMGr cannot be set.
2023-03-17 11:02:36,596 [INFO] Updater:1056 - Updater Version found : 6.7.0
2023-03-17 11:02:36,620 [INFO] ApplicationProperties:181 - Using Application install path: C:\ST\STM32CubeIDE_1.11.0\STM32CubeIDE\plugins\com.st.stm32cube.common.mx_6.7.0.202301130839
2023-03-17 11:02:38,504 [INFO] ThirdPartyUpdaterWithRetryManager:70 - Updater plugin not ready yet. [3/15]
2023-03-17 11:02:41,515 [FATAL] Updater:308 - Updater called before beeing initialized
2023-03-17 11:02:41,515 [ERROR] IntegrityCheckThread:128 - Cannot retrieve database content from updater: error 21
2023-03-17 11:02:41,515 [INFO] ThirdParty:947 - Integrity check success = false
2023-03-17 11:02:41,515 [INFO] IntegrityCheckThread:98 - exiting critical section [integrity check]
2023-03-17 11:02:41,515 [INFO] IntegrityCheckThread:101 - End integrity checks thread
2023-03-17 11:02:46,259 [WARN] ServerAccessManage:1169 - Warning during Server Connection :  timeout connect timed out
2023-03-17 11:02:48,276 [WARN] ServerAccessManage:1169 - Warning during Server Connection :  timeout connect timed out
2023-03-17 11:02:48,280 [INFO] MainUpdater:2800 - connection check result : 22
2023-03-17 11:02:48,280 [INFO] MainUpdater:282 - Updater Check For Update Now.
2023-03-17 11:02:48,280 [INFO] MicroXplorer:481 - Change Database Version : DB.6.0.70
2023-03-17 11:02:48,474 [INFO] CheckServerUpdateThread:119 - End of CheckServer Thread
2023-03-17 11:02:48,511 [INFO] MainUpdater:2800 - connection check result : 22
2023-03-17 11:02:48,518 [INFO] MainUpdater:2800 - connection check result : 22
2023-03-17 11:02:58,899 [WARN] ServerAccessManage:1169 - Warning during Server Connection :  timeout connect timed out
2023-03-17 11:02:59,912 [WARN] ServerAccessManage:1169 - Warning during Server Connection :  timeout connect timed out
2023-03-17 11:02:59,912 [INFO] MainUpdater:2800 - connection check result : 22
2023-03-17 11:03:04,366 [INFO] MicroXplorer:451 - Change Database Path : 
2023-03-17 11:03:04,366 [INFO] MicroXplorer:481 - Change Database Version : DB.6.0.70
2023-03-17 11:03:04,366 [WARN] ThirdParty:845 - waiting for thirdparty lock release [close project]
2023-03-17 11:03:04,366 [INFO] ThirdParty:847 - entering critical section [close project]
2023-03-17 11:03:04,370 [INFO] ThirdParty:857 - exiting critical section [close project]
2023-03-17 11:03:04,374 [INFO] PinOutPanel:1477 - setPackage(No Configuration,No Configuration)
2023-03-17 11:03:04,378 [INFO] UtilMem:74 - Begin LoadConfig() Used Memory: 425085352 Bytes (485490688)
2023-03-17 11:03:04,382 [INFO] MicroXplorer:451 - Change Database Path : 
2023-03-17 11:03:04,382 [INFO] MicroXplorer:481 - Change Database Version : DB.6.0.70
2023-03-17 11:03:04,382 [INFO] OpenFileManager:307 - Change cursor
2023-03-17 11:03:04,402 [WARN] IntegrityCheckThread:82 - waiting for thirdparty lock release [integrity check]
2023-03-17 11:03:04,402 [INFO] IntegrityCheckThread:84 - entering critical section [integrity check]
2023-03-17 11:03:04,598 [WARN] PackLoader:242 - Cannot read IP mode file for STMicroelectronics.X-CUBE-GNSS1.6.0.0
2023-03-17 11:03:04,666 [WARN] PackLoader:242 - Cannot read IP mode file for STMicroelectronics.X-CUBE-AZRTOS-F4.1.1.0
2023-03-17 11:03:04,750 [WARN] PackLoader:242 - Cannot read IP mode file for STMicroelectronics.X-CUBE-AZRTOS-F7.1.1.0
2023-03-17 11:03:04,785 [WARN] PackLoader:242 - Cannot read IP mode file for STMicroelectronics.X-CUBE-BLE1.6.2.4
2023-03-17 11:03:04,804 [WARN] PackLoader:242 - Cannot read IP mode file for emotas.I-CUBE-CANOPEN.1.1.3
2023-03-17 11:03:04,822 [WARN] PackLoader:242 - Cannot read IP mode file for STMicroelectronics.X-CUBE-BLEMGR.2.0.0
2023-03-17 11:03:04,838 [WARN] PackLoader:242 - Cannot read IP mode file for STMicroelectronics.X-CUBE-NFC4.2.0.5
2023-03-17 11:03:04,857 [WARN] PackLoader:242 - Cannot read IP mode file for STMicroelectronics.X-CUBE-DISPLAY.3.0.0
2023-03-17 11:03:04,873 [WARN] PackLoader:242 - Cannot read IP mode file for wolfSSL.I-CUBE-wolfSSL.5.5.4
2023-03-17 11:03:04,889 [WARN] PackLoader:242 - Cannot read IP mode file for STMicroelectronics.X-CUBE-NFC7.1.0.0
2023-03-17 11:03:04,901 [WARN] PackLoader:242 - Cannot read IP mode file for STMicroelectronics.X-CUBE-EEPRMA1.4.1.0
2023-03-17 11:03:04,920 [WARN] PackLoader:242 - Cannot read IP mode file for WES.I-CUBE-Cesium.1.3.0
2023-03-17 11:03:04,935 [WARN] PackLoader:242 - Cannot read IP mode file for STMicroelectronics.X-CUBE-SFXS2LP1.4.0.0
2023-03-17 11:03:04,957 [WARN] PackLoader:242 - Cannot read IP mode file for STMicroelectronics.X-CUBE-BLE2.3.3.0
2023-03-17 11:03:04,968 [WARN] PackLoader:242 - Cannot read IP mode file for STMicroelectronics.X-CUBE-DISPLAY.2.2.0
2023-03-17 11:03:04,998 [WARN] PackLoader:242 - Cannot read IP mode file for STMicroelectronics.X-CUBE-TOF1.3.2.0
2023-03-17 11:03:05,118 [WARN] PackLoader:242 - Cannot read IP mode file for STMicroelectronics.X-CUBE-AZRTOS-H7.3.0.0
2023-03-17 11:03:05,142 [WARN] PackLoader:242 - Cannot read IP mode file for STMicroelectronics.X-CUBE-ISPU.1.1.0
2023-03-17 11:03:05,302 [WARN] PackLoader:242 - Cannot read IP mode file for RoweBots.I-CUBE-UNISONRTOS.5.5.0-4
2023-03-17 11:03:05,374 [WARN] PackLoader:242 - Cannot read IP mode file for STMicroelectronics.X-CUBE-AI.8.0.0
2023-03-17 11:03:05,413 [WARN] PackLoader:242 - Cannot read IP mode file for STMicroelectronics.X-CUBE-FREERTOS.1.0.0
2023-03-17 11:03:05,429 [WARN] PackLoader:242 - Cannot read IP mode file for STMicroelectronics.X-CUBE-TOUCHGFX.4.21.1
2023-03-17 11:03:05,441 [WARN] PackLoader:242 - Cannot read IP mode file for STMicroelectronics.X-CUBE-TOUCHGFX.4.21.0
2023-03-17 11:03:05,521 [WARN] PackLoader:242 - Cannot read IP mode file for STMicroelectronics.X-CUBE-MEMS1.9.4.0
2023-03-17 11:03:05,713 [WARN] PackLoader:242 - Cannot read IP mode file for STMicroelectronics.X-CUBE-AI.7.3.0
2023-03-17 11:03:05,729 [WARN] PackLoader:242 - Cannot read IP mode file for STMicroelectronics.X-CUBE-ALGOBUILD.1.3.0
2023-03-17 11:03:05,757 [WARN] PackLoader:242 - Cannot read IP mode file for STMicroelectronics.X-CUBE-AZRTOS-L5.1.1.0
2023-03-17 11:03:05,797 [WARN] PackLoader:242 - Cannot read IP mode file for STMicroelectronics.X-CUBE-AZRTOS-G0.1.1.0
2023-03-17 11:03:05,816 [WARN] PackLoader:242 - Cannot read IP mode file for STMicroelectronics.X-CUBE-SUBG2.5.0.0
2023-03-17 11:03:05,832 [WARN] PackLoader:242 - Cannot read IP mode file for STMicroelectronics.X-CUBE-NFC4.3.0.0
2023-03-17 11:03:05,844 [WARN] PackLoader:242 - Cannot read IP mode file for STMicroelectronics.FP-ATR-ASTRA1.1.1.1
2023-03-17 11:03:05,860 [WARN] PackLoader:242 - Cannot read IP mode file for STMicroelectronics.X-CUBE-BLEMGR.1.3.0
2023-03-17 11:03:05,888 [WARN] PackLoader:242 - Cannot read IP mode file for STMicroelectronics.X-CUBE-AZRTOS-G4.1.0.0
2023-03-17 11:03:05,900 [WARN] PackLoader:242 - Cannot read IP mode file for STMicroelectronics.FP-ATR-SIGFOX1.3.2.0
2023-03-17 11:03:05,948 [WARN] PackLoader:242 - Cannot read IP mode file for STMicroelectronics.X-CUBE-AZRTOS-L4.1.0.0
2023-03-17 11:03:05,972 [WARN] PackLoader:242 - Cannot read IP mode file for STMicroelectronics.X-CUBE-AZRTOS-WL.1.0.0
2023-03-17 11:03:05,988 [WARN] PackLoader:242 - Cannot read IP mode file for portGmbH.I-Cube-SoM-uGOAL.1.1.0
2023-03-17 11:03:06,000 [WARN] PackLoader:242 - Cannot read IP mode file for STMicroelectronics.X-CUBE-ALS.1.0.1
2023-03-17 11:03:06,060 [WARN] PackLoader:242 - Cannot read IP mode file for STMicroelectronics.X-CUBE-MEMS1.9.5.0
2023-03-17 11:03:06,268 [WARN] PackLoader:242 - Cannot read IP mode file for STMicroelectronics.X-CUBE-AZRTOS-WB.1.1.0
2023-03-17 11:03:06,336 [WARN] PackLoader:242 - Cannot read IP mode file for SEGGER.I-CUBE-embOS.1.3.1
2023-03-17 11:03:06,444 [WARN] PackLoader:242 - Cannot read IP mode file for SEGGER.I-CUBE-embOS.1.3.0
2023-03-17 11:03:06,487 [INFO] ThirdParty:947 - Integrity check success = true
2023-03-17 11:03:06,487 [INFO] IntegrityCheckThread:98 - exiting critical section [integrity check]
2023-03-17 11:03:06,487 [INFO] IntegrityCheckThread:101 - End integrity checks thread
2023-03-17 11:03:06,615 [INFO] Mcu:1925 - Initializing MCU STM32F103C(8-B)Tx STM32F103C8Tx STM32F103C8T6
2023-03-17 11:03:08,209 [INFO] Context:654 - Trying to add GPIOservice into a context  which must be forbidden
2023-03-17 11:03:08,942 [INFO] RtosManager:489 - Registered RTOS mode: class=CMSIS, group=RTOS, mode=CMSIS_V1, owner=FREERTOS
2023-03-17 11:03:08,942 [INFO] RtosManager:489 - Registered RTOS mode: class=CMSIS, group=RTOS2, mode=CMSIS_V2, owner=FREERTOS
2023-03-17 11:03:08,942 [INFO] RtosManager:489 - Registered RTOS mode: class=RTOS, group=Core, mode=CMSIS_V1, owner=FREERTOS
2023-03-17 11:03:08,942 [INFO] RtosManager:489 - Registered RTOS mode: class=RTOS, group=Core, mode=CMSIS_V2, owner=FREERTOS
2023-03-17 11:03:08,942 [WARN] ModelIntegratedComponent:185 - Missing modes for component STMicroelectronics:FreeRTOS:0.0.1:STMicroelectronics:RTOS:FreeRTOS:Core:::10.2.0:
2023-03-17 11:03:08,958 [WARN] ModelIntegratedComponent:64 - No mode defined for component null
2023-03-17 11:03:08,958 [WARN] ModelIntegratedComponent:64 - No mode defined for component null
2023-03-17 11:03:08,958 [WARN] ModelIntegratedComponent:64 - No mode defined for component null
2023-03-17 11:03:08,958 [WARN] ModelIntegratedComponent:64 - No mode defined for component null
2023-03-17 11:03:08,958 [WARN] ModelIntegratedComponent:64 - No mode defined for component null
2023-03-17 11:03:08,958 [WARN] ModelIntegratedComponent:64 - No mode defined for component null
2023-03-17 11:03:08,958 [WARN] ModelIntegratedComponent:64 - No mode defined for component null
2023-03-17 11:03:08,958 [WARN] ModelIntegratedComponent:64 - No mode defined for component null
2023-03-17 11:03:08,958 [WARN] ModelIntegratedComponent:64 - No mode defined for component null
2023-03-17 11:03:08,958 [WARN] ModelIntegratedComponent:64 - No mode defined for component null
2023-03-17 11:03:08,958 [WARN] ModelIntegratedComponent:64 - No mode defined for component null
2023-03-17 11:03:08,958 [WARN] ModelIntegratedComponent:64 - No mode defined for component null
2023-03-17 11:03:08,958 [WARN] ModelIntegratedComponent:64 - No mode defined for component null
2023-03-17 11:03:08,958 [WARN] ModelIntegratedComponent:64 - No mode defined for component null
2023-03-17 11:03:08,958 [WARN] ModelIntegratedComponent:64 - No mode defined for component null
2023-03-17 11:03:08,958 [WARN] ModelIntegratedComponent:64 - No mode defined for component null
2023-03-17 11:03:08,958 [WARN] ModelIntegratedComponent:64 - No mode defined for component null
2023-03-17 11:03:08,958 [WARN] ModelIntegratedComponent:64 - No mode defined for component null
2023-03-17 11:03:08,958 [WARN] ModelIntegratedComponent:64 - No mode defined for component null
2023-03-17 11:03:08,958 [WARN] ModelIntegratedComponent:64 - No mode defined for component null
2023-03-17 11:03:08,958 [WARN] ModelIntegratedComponent:64 - No mode defined for component null
2023-03-17 11:03:08,958 [WARN] ModelIntegratedComponent:64 - No mode defined for component null
2023-03-17 11:03:08,962 [WARN] ModelIntegratedComponent:64 - No mode defined for component null
2023-03-17 11:03:08,962 [WARN] ModelIntegratedComponent:64 - No mode defined for component null
2023-03-17 11:03:08,962 [WARN] ModelIntegratedComponent:64 - No mode defined for component null
2023-03-17 11:03:08,962 [WARN] ModelIntegratedComponent:64 - No mode defined for component null
2023-03-17 11:03:08,962 [WARN] ModelIntegratedComponent:64 - No mode defined for component null
2023-03-17 11:03:08,962 [WARN] ModelIntegratedComponent:64 - No mode defined for component null
2023-03-17 11:03:08,962 [WARN] ModelIntegratedComponent:64 - No mode defined for component null
2023-03-17 11:03:08,962 [WARN] ModelIntegratedComponent:64 - No mode defined for component null
2023-03-17 11:03:08,962 [WARN] ModelIntegratedComponent:64 - No mode defined for component null
2023-03-17 11:03:08,962 [WARN] ModelIntegratedComponent:64 - No mode defined for component null
2023-03-17 11:03:08,962 [WARN] ModelIntegratedComponent:64 - No mode defined for component null
2023-03-17 11:03:09,086 [INFO] ThirdPartyModel:294 - Start build external matchings
2023-03-17 11:03:09,518 [INFO] ThirdPartyModel:310 - End build external matchings
2023-03-17 11:03:09,556 [INFO] ImportTextPane:193 - (OptionalMessage_ERROR) IP (RCC) : Parameter (ADCFreqValue) has invalid value (36000000)
2023-03-17 11:03:09,556 [INFO] ImportTextPane:193 - (OptionalMessage_ERROR) IP (RCC) : Invalid parameter (FamilyName)
2023-03-17 11:03:09,556 [INFO] ImportTextPane:193 - (OptionalMessage_ERROR) IP (RCC) : Parameter (MCOFreq_Value) has invalid value (72000000)
2023-03-17 11:03:09,556 [INFO] ImportTextPane:193 - (OptionalMessage_ERROR) IP (RCC) : Parameter (USBFreq_Value) has invalid value (72000000)
2023-03-17 11:03:09,794 [INFO] UtilMem:74 - End LoadConfig() Used Memory: 423587128 Bytes (547356672)
2023-03-17 11:03:09,942 [INFO] ApiDb:580 - Connected to CubeFinder SQLite database (C:\Users\Administrator\.stmcufinder\plugins\mcufinder\mcu\cube-finder-db.db)
2023-03-17 11:03:10,045 [INFO] ApiDb:667 - CubeFinder database Data Model version=2.1
2023-03-17 11:03:10,045 [INFO] ApiDb:668 - CubeFinder database Configuration version=3.0.35
2023-03-17 11:03:10,045 [INFO] ApiDb:669 - CubeFinder database generation date=2023-02-21 (1676964986)
2023-03-17 11:03:10,045 [INFO] ApiDb:670 - CubeFinder database FW Pack versions=[FP-ATR-ASTRA1_V1.1.1, STM32Cube_FW_C0_V1.0.1, STM32Cube_FW_F0_V1.11.4, STM32Cube_FW_F3_V1.11.4, STM32Cube_FW_F4_V1.27.1, STM32Cube_FW_F7_V1.17.0, STM32Cube_FW_G0_V1.6.1, STM32Cube_FW_G4_V1.5.1, STM32Cube_FW_H5_V0.5.1, STM32Cube_FW_H5_V1.0.0, STM32Cube_FW_H7_V1.11.0, STM32Cube_FW_L0_V1.12.2, STM32Cube_FW_L5_V1.5.0, STM32Cube_FW_U5_V1.2.0, STM32Cube_FW_WBA_V1.0.0, STM32Cube_FW_WBA_V1.0.0RC1, STM32Cube_FW_WBA_V1.0.0RC3, STM32Cube_FW_WB_V1.15.0RC1, STM32Cube_FW_WB_V1.16.0, STM32Cube_FW_WB_V1.16.0RC2, STM32Cube_FW_WL_V1.3.0, X-CUBE-ALGOBUILD_V1.3.0, X-CUBE-ALS_V1.0.1, X-CUBE-AZRTOS-F4_V1.1.0, X-CUBE-AZRTOS-F7_V1.1.0, X-CUBE-AZRTOS-G0_V1.1.0, X-CUBE-AZRTOS-G4_V1.0.0, X-CUBE-AZRTOS-H7_V3.0.0, X-CUBE-AZRTOS-L4_V1.0.0, X-CUBE-AZRTOS-L5_V1.1.0, X-CUBE-AZRTOS-WB_V1.1.0, X-CUBE-AZRTOS-WL_V1.0.0, X-CUBE-BLE1_V6.2.4, X-CUBE-BLE2_V3.3.0, X-CUBE-BLEMGR_V1.3.0, X-CUBE-EEPRMA1_V4.1.0, X-CUBE-GNSS1_V6.0.0, X-CUBE-MEMS1_V9.1.0, X-CUBE-MEMS1_V9.4.0, X-CUBE-MEMS1_V9.5.0, X-CUBE-NFC4_V3.0.0, X-CUBE-NFC7_V1.0.0, X-CUBE-SFXS2LP1_V4.0.0, X-CUBE-SUBG2_V5.0.0]
2023-03-17 11:03:12,746 [INFO] ApiDb:239 - Found 143 in-development CPN: [B-WB1M-WPAN1, B-WL5M-SUBG1, NUCLEO-C031C6, STEVAL-PROTEUS1, STEVAL-STWINBX1, STM320518-EVAL, STM32C0116-DK, STM32C011D6Y3TR, STM32C011D6Y6TR, STM32C011F4P3, STM32C011F4P6, STM32C011F4U3, STM32C011F4U6TR, STM32C011F6P3, STM32C011F6P6, STM32C011F6U3, STM32C011F6U6TR, STM32C011J4M3, STM32C011J4M6, STM32C011J6M3, STM32C011J6M6, STM32C0316-DK, STM32C031C4T3, STM32C031C4T6, STM32C031C4U3, STM32C031C4U6, STM32C031C6T3, STM32C031C6T6, STM32C031C6U3, STM32C031C6U6, STM32C031F4P3, STM32C031F4P6, STM32C031F6P3, STM32C031F6P6, STM32C031G4U3, STM32C031G4U6, STM32C031G6U3, STM32C031G6U6, STM32C031K4T3, STM32C031K4T6, STM32C031K4U3, STM32C031K4U6, STM32C031K6T3, STM32C031K6T6, STM32C031K6U3, STM32C031K6U6, STM32G071K8TXN, STM32G071K8UXN, STM32G081GBU6N, STM32G081KBT6N, STM32G081KBUXN, STM32G0B1CCT6N, STM32G0B1KCT6, STM32G0B1NEY6TR, STM32G0B1RCT6N, STM32G0C1CCT6, STM32G0C1CCT6N, STM32G0C1CCU6N, STM32G0C1CET6N, STM32G0C1CEU6N, STM32G0C1KCT6, STM32G0C1NEY6TR, STM32G0C1RCI6N, STM32G0C1RCT6N, STM32G0C1REI6N, STM32G0C1RET6N, STM32G0C1VCI6, STM32G0C1VEI6, STM32G471CCT6, STM32G471CCU6, STM32G471CET3, STM32G471CET6, STM32G471CEU3, STM32G471CEU6, STM32G471MCT6, STM32G471MET3, STM32G471MET6, STM32G471MEY6TR, STM32G471QCT6, STM32G471QET3, STM32G471RCT6, STM32G471RET3, STM32G471RET6, STM32G471VCH6, STM32G471VCI6, STM32G471VCT6, STM32G471VEH3, STM32G471VEH6, STM32G471VEI3, STM32G471VEI6, STM32G471VET3, STM32G471VET6, STM32G474CCT6, STM32L476VGY6PTR, STM32L4R5QGI6STR, STM32MP131AAE3, STM32MP131AAF3, STM32MP131AAG3, STM32MP131CAE3, STM32MP131CAF3, STM32MP131CAG3, STM32MP131DAE7, STM32MP131DAF7, STM32MP131DAG7, STM32MP131FAE7, STM32MP131FAF7, STM32MP131FAG7, STM32MP133AAE3, STM32MP133AAF3, STM32MP133AAG3, STM32MP133CAE3, STM32MP133CAF3, STM32MP133CAG3, STM32MP133DAE7, STM32MP133DAF7, STM32MP133DAG7, STM32MP133FAE7, STM32MP133FAF7, STM32MP133FAG7, STM32MP135AAE3, STM32MP135AAF3, STM32MP135AAG3, STM32MP135CAE3, STM32MP135CAF3, STM32MP135CAG3, STM32MP135DAE7, STM32MP135DAF7, STM32MP135DAG7, STM32MP135F-DK, STM32MP135FAE7, STM32MP135FAF7, STM32MP135FAF7T, STM32MP135FAF7U, STM32MP135FAG7, STM32U595ZJT6Q, STM32U599BJY6QTR, STM32U599NIH6Q, STM32U599NJH6Q, STM32U5A5ZJT6Q, STM32U5A9BJY6QTR, STM32U5A9NJH6Q, STM32WB1MMCH6, STM32WL5MOCH6TR]
2023-03-17 11:03:12,750 [INFO] DbMcus:215 - Found 3626 MCUs, 3626 are supported
2023-03-17 11:03:12,754 [INFO] ApiDb:422 - Load user favorites file C:\Users\Administrator/.stm32cubeide/favorites.mcus.txt: 0 item(s)
2023-03-17 11:03:12,754 [INFO] ApiDb:426 - User favorites MCUs=[]
2023-03-17 11:03:12,754 [INFO] DbMcus:221 - Set 0 / 0 favorites MCUs
2023-03-17 11:03:13,191 [WARN] ThirdParty:807 - waiting for thirdparty lock release [change project]
2023-03-17 11:03:13,191 [INFO] ThirdParty:809 - entering critical section [change project]
2023-03-17 11:03:13,195 [INFO] ThirdParty:999 - CMSIS Pack Vendor :STMicroelectronics X-CUBE-ISPU 1.1.0
2023-03-17 11:03:13,195 [INFO] ThirdParty:999 - CMSIS Pack Vendor :RoweBots I-CUBE-UNISONRTOS 5.5.0-4
2023-03-17 11:03:13,195 [INFO] ThirdParty:999 - CMSIS Pack Vendor :STMicroelectronics X-CUBE-GNSS1 6.0.0
2023-03-17 11:03:13,195 [INFO] ThirdParty:999 - CMSIS Pack Vendor :STMicroelectronics USB_HOST 2.0.0
2023-03-17 11:03:13,195 [INFO] ThirdParty:999 - CMSIS Pack Vendor :STMicroelectronics X-CUBE-AZRTOS-F4 1.1.0
2023-03-17 11:03:13,195 [INFO] ThirdParty:999 - CMSIS Pack Vendor :STMicroelectronics LIBJPEG 8.0.0
2023-03-17 11:03:13,195 [INFO] ThirdParty:999 - CMSIS Pack Vendor :STMicroelectronics USB_DEVICE 3.0.0
2023-03-17 11:03:13,195 [INFO] ThirdParty:999 - CMSIS Pack Vendor :STMicroelectronics X-CUBE-AI 8.0.0
2023-03-17 11:03:13,195 [INFO] ThirdParty:999 - CMSIS Pack Vendor :STMicroelectronics X-CUBE-FREERTOS 1.0.0
2023-03-17 11:03:13,195 [INFO] ThirdParty:999 - CMSIS Pack Vendor :STMicroelectronics X-CUBE-TOUCHGFX 4.21.1
2023-03-17 11:03:13,195 [INFO] ThirdParty:999 - CMSIS Pack Vendor :STMicroelectronics X-CUBE-TOUCHGFX 4.21.0
2023-03-17 11:03:13,195 [INFO] ThirdParty:999 - CMSIS Pack Vendor :STMicroelectronics X-CUBE-AZRTOS-F7 1.1.0
2023-03-17 11:03:13,195 [INFO] ThirdParty:999 - CMSIS Pack Vendor :STMicroelectronics X-CUBE-MEMS1 9.4.0
2023-03-17 11:03:13,195 [INFO] ThirdParty:999 - CMSIS Pack Vendor :STMicroelectronics USB_DEVICE 2.0.0
2023-03-17 11:03:13,195 [INFO] ThirdParty:999 - CMSIS Pack Vendor :STMicroelectronics X-CUBE-AI 7.3.0
2023-03-17 11:03:13,195 [INFO] ThirdParty:999 - CMSIS Pack Vendor :STMicroelectronics X-CUBE-ALGOBUILD 1.3.0
2023-03-17 11:03:13,195 [INFO] ThirdParty:999 - CMSIS Pack Vendor :STMicroelectronics X-CUBE-BLE1 6.2.4
2023-03-17 11:03:13,195 [INFO] ThirdParty:999 - CMSIS Pack Vendor :STMicroelectronics X-CUBE-AZRTOS-L5 1.1.0
2023-03-17 11:03:13,195 [INFO] ThirdParty:999 - CMSIS Pack Vendor :STMicroelectronics FreeRTOS 0.0.1
2023-03-17 11:03:13,195 [INFO] ThirdParty:999 - CMSIS Pack Vendor :emotas I-CUBE-CANOPEN 1.1.3
2023-03-17 11:03:13,195 [INFO] ThirdParty:999 - CMSIS Pack Vendor :STMicroelectronics X-CUBE-AZRTOS-G0 1.1.0
2023-03-17 11:03:13,195 [INFO] ThirdParty:999 - CMSIS Pack Vendor :STMicroelectronics X-CUBE-BLEMGR 2.0.0
2023-03-17 11:03:13,195 [INFO] ThirdParty:999 - CMSIS Pack Vendor :STMicroelectronics X-CUBE-SUBG2 5.0.0
2023-03-17 11:03:13,195 [INFO] ThirdParty:999 - CMSIS Pack Vendor :STMicroelectronics X-CUBE-NFC4 3.0.0
2023-03-17 11:03:13,195 [INFO] ThirdParty:999 - CMSIS Pack Vendor :STMicroelectronics STM32_WPAN 1.0.0
2023-03-17 11:03:13,195 [INFO] ThirdParty:999 - CMSIS Pack Vendor :STMicroelectronics lwIP 2.0.3
2023-03-17 11:03:13,195 [INFO] ThirdParty:999 - CMSIS Pack Vendor :STMicroelectronics X-CUBE-NFC4 2.0.5
2023-03-17 11:03:13,195 [INFO] ThirdParty:999 - CMSIS Pack Vendor :STMicroelectronics USB_HOST 1.0.0
2023-03-17 11:03:13,195 [INFO] ThirdParty:999 - CMSIS Pack Vendor :STMicroelectronics PDM2PCM 3.1.0
2023-03-17 11:03:13,195 [INFO] ThirdParty:999 - CMSIS Pack Vendor :STMicroelectronics FP-ATR-ASTRA1 1.1.1
2023-03-17 11:03:13,195 [INFO] ThirdParty:999 - CMSIS Pack Vendor :STMicroelectronics PDM2PCM 3.3.0
2023-03-17 11:03:13,195 [INFO] ThirdParty:999 - CMSIS Pack Vendor :STMicroelectronics X-CUBE-DISPLAY 3.0.0
2023-03-17 11:03:13,195 [INFO] ThirdParty:999 - CMSIS Pack Vendor :STMicroelectronics X-CUBE-BLEMGR 1.3.0
2023-03-17 11:03:13,195 [INFO] ThirdParty:999 - CMSIS Pack Vendor :STMicroelectronics X-CUBE-AZRTOS-G4 1.0.0
2023-03-17 11:03:13,195 [INFO] ThirdParty:999 - CMSIS Pack Vendor :STMicroelectronics FP-ATR-SIGFOX1 3.2.0
2023-03-17 11:03:13,195 [INFO] ThirdParty:999 - CMSIS Pack Vendor :wolfSSL I-CUBE-wolfSSL 5.5.4
2023-03-17 11:03:13,195 [INFO] ThirdParty:999 - CMSIS Pack Vendor :STMicroelectronics X-CUBE-AZRTOS-L4 1.0.0
2023-03-17 11:03:13,195 [INFO] ThirdParty:999 - CMSIS Pack Vendor :STMicroelectronics HAL Drivers 0.0.0
2023-03-17 11:03:13,195 [INFO] ThirdParty:999 - CMSIS Pack Vendor :STMicroelectronics MBEDTLS 2.16.2
2023-03-17 11:03:13,195 [INFO] ThirdParty:999 - CMSIS Pack Vendor :STMicroelectronics MBEDTLS 2.14.1
2023-03-17 11:03:13,195 [INFO] ThirdParty:999 - CMSIS Pack Vendor :STMicroelectronics X-CUBE-NFC7 1.0.0
2023-03-17 11:03:13,195 [INFO] ThirdParty:999 - CMSIS Pack Vendor :STMicroelectronics X-CUBE-AZRTOS-WL 1.0.0
2023-03-17 11:03:13,195 [INFO] ThirdParty:999 - CMSIS Pack Vendor :STMicroelectronics X-CUBE-EEPRMA1 4.1.0
2023-03-17 11:03:13,195 [INFO] ThirdParty:999 - CMSIS Pack Vendor :portGmbH I-Cube-SoM-uGOAL 1.1.0
2023-03-17 11:03:13,195 [INFO] ThirdParty:999 - CMSIS Pack Vendor :STMicroelectronics X-CUBE-ALS 1.0.1
2023-03-17 11:03:13,195 [INFO] ThirdParty:999 - CMSIS Pack Vendor :STMicroelectronics X-CUBE-MEMS1 9.5.0
2023-03-17 11:03:13,195 [INFO] ThirdParty:999 - CMSIS Pack Vendor :STMicroelectronics ThreadX 1.0.0
2023-03-17 11:03:13,195 [INFO] ThirdParty:999 - CMSIS Pack Vendor :STMicroelectronics X-CUBE-AZRTOS-WB 1.1.0
2023-03-17 11:03:13,195 [INFO] ThirdParty:999 - CMSIS Pack Vendor :SEGGER I-CUBE-embOS 1.3.1
2023-03-17 11:03:13,195 [INFO] ThirdParty:999 - CMSIS Pack Vendor :STMicroelectronics USB_DEVICE 1.0.0
2023-03-17 11:03:13,195 [INFO] ThirdParty:999 - CMSIS Pack Vendor :SEGGER I-CUBE-embOS 1.3.0
2023-03-17 11:03:13,195 [INFO] ThirdParty:999 - CMSIS Pack Vendor :STMicroelectronics ThreadX 0.0.2
2023-03-17 11:03:13,195 [INFO] ThirdParty:999 - CMSIS Pack Vendor :WES I-CUBE-Cesium 1.3.0
2023-03-17 11:03:13,195 [INFO] ThirdParty:999 - CMSIS Pack Vendor :STMicroelectronics lwIP 2.1.2
2023-03-17 11:03:13,195 [INFO] ThirdParty:999 - CMSIS Pack Vendor :STMicroelectronics X-CUBE-SFXS2LP1 4.0.0
2023-03-17 11:03:13,195 [INFO] ThirdParty:999 - CMSIS Pack Vendor :STMicroelectronics X-CUBE-BLE2 3.3.0
2023-03-17 11:03:13,195 [INFO] ThirdParty:999 - CMSIS Pack Vendor :STMicroelectronics X-CUBE-DISPLAY 2.2.0
2023-03-17 11:03:13,195 [INFO] ThirdParty:999 - CMSIS Pack Vendor :STMicroelectronics X-CUBE-TOF1 3.2.0
2023-03-17 11:03:13,195 [INFO] ThirdParty:999 - CMSIS Pack Vendor :STMicroelectronics PDM2PCM 3.2.0
2023-03-17 11:03:13,195 [INFO] ThirdParty:999 - CMSIS Pack Vendor :STMicroelectronics X-CUBE-AZRTOS-H7 3.0.0
2023-03-17 11:03:13,195 [INFO] ThirdParty:815 - exiting critical section [change project]
2023-03-17 11:03:13,828 [INFO] PinOutPanel:1477 - setPackage(No Configuration,No Configuration)
2023-03-17 11:03:13,832 [INFO] PinOutPanel:1477 - setPackage(STM32F103C8Tx,LQFP48)
2023-03-17 11:03:15,630 [INFO] UtilMem:74 - Before build in PCC Used Memory: 473400000 Bytes (547356672)
2023-03-17 11:03:17,570 [INFO] UtilMem:74 - After build in PCC Used Memory: 458241128 Bytes (547356672)
2023-03-17 11:03:17,617 [INFO] IPUIPlugin:79 - create IPUIPlugin
2023-03-17 11:03:17,617 [INFO] IPUIPlugin:79 - create IPUIPlugin
2023-03-17 11:03:17,617 [INFO] IPUIPlugin:79 - create IPUIPlugin
2023-03-17 11:03:17,617 [INFO] IPUIPlugin:79 - create IPUIPlugin
2023-03-17 11:03:17,617 [INFO] IPUIPlugin:79 - create IPUIPlugin
2023-03-17 11:03:17,617 [INFO] IPUIPlugin:79 - create IPUIPlugin
2023-03-17 11:03:17,617 [INFO] IPUIPlugin:79 - create IPUIPlugin
2023-03-17 11:03:17,617 [INFO] IPUIPlugin:79 - create IPUIPlugin
2023-03-17 11:03:17,617 [INFO] IPUIPlugin:79 - create IPUIPlugin
2023-03-17 11:03:17,617 [INFO] IPUIPlugin:79 - create IPUIPlugin
2023-03-17 11:03:17,617 [INFO] IPUIPlugin:79 - create IPUIPlugin
2023-03-17 11:03:17,617 [INFO] IPUIPlugin:79 - create IPUIPlugin
2023-03-17 11:03:17,617 [INFO] IPUIPlugin:79 - create IPUIPlugin
2023-03-17 11:03:17,617 [INFO] IPUIPlugin:79 - create IPUIPlugin
2023-03-17 11:03:17,621 [INFO] IPUIPlugin:79 - create IPUIPlugin
2023-03-17 11:03:17,621 [INFO] IPUIPlugin:79 - create IPUIPlugin
2023-03-17 11:03:17,621 [INFO] IPUIPlugin:79 - create IPUIPlugin
2023-03-17 11:03:17,621 [INFO] IPUIPlugin:79 - create IPUIPlugin
2023-03-17 11:03:17,621 [INFO] IPUIPlugin:79 - create IPUIPlugin
2023-03-17 11:03:17,621 [INFO] IPUIPlugin:79 - create IPUIPlugin
2023-03-17 11:03:17,624 [INFO] IPUIPlugin:79 - create IPUIPlugin
2023-03-17 11:03:17,624 [INFO] IPUIPlugin:79 - create IPUIPlugin
2023-03-17 11:03:17,624 [INFO] IPUIPlugin:79 - create IPUIPlugin
2023-03-17 11:03:17,624 [INFO] IPUIPlugin:79 - create IPUIPlugin
2023-03-17 11:03:17,624 [INFO] IPUIPlugin:79 - create IPUIPlugin
2023-03-17 11:03:17,624 [INFO] IPUIPlugin:79 - create IPUIPlugin
2023-03-17 11:03:17,624 [INFO] IPUIPlugin:79 - create IPUIPlugin
2023-03-17 11:03:18,131 [INFO] CADModel:164 - CPN selected for project levelSTM32F103C8T6
2023-03-17 11:03:18,131 [INFO] CADModel:113 - Register for checkConnection events
2023-03-17 11:03:18,195 [INFO] OpenFileManager:327 - Restore cursor
2023-03-17 11:03:47,977 [INFO] UtilMem:74 - End SaveConfig() Used Memory: 480407264 Bytes (547356672)
2023-03-17 11:03:49,072 [INFO] BlockDiagram:2759 - set Specific Code input for plugin: NVIC
2023-03-17 11:03:49,072 [INFO] BlockDiagram:2759 - set Specific Code input for plugin: USART
2023-03-17 11:03:49,072 [INFO] BlockDiagram:2759 - set Specific Code input for plugin: TIM1_8F1
2023-03-17 11:03:49,072 [INFO] BlockDiagram:2759 - set Specific Code input for plugin: SYS
2023-03-17 11:03:49,072 [INFO] BlockDiagram:2759 - set Specific Code input for plugin: GPIO
2023-03-17 11:03:49,072 [INFO] BlockDiagram:2759 - set Specific Code input for plugin: RCC
2023-03-17 11:03:49,072 [INFO] CodeGenerator:692 - code generatio: config db path: C:\ST\STM32CubeIDE_1.11.0\STM32CubeIDE\plugins\com.st.stm32cube.common.mx_6.7.0.202301130839\\db\
2023-03-17 11:03:49,857 [INFO] CodeEngine:247 - oldGeneratedFile, E:\WSN\New folder\Node_Sensor_1\MXTmpFiles\license.tmp_save
2023-03-17 11:03:50,289 [INFO] CodeEngine:271 - Generated code: E:\WSN\New folder\Node_Sensor_1\MXTmpFiles\license.tmp
2023-03-17 11:03:50,432 [INFO] CodeEngine:247 - oldGeneratedFile, E:\WSN\New folder\Node_Sensor_1\MXTmpFiles\gpio.tmp_save
2023-03-17 11:03:50,608 [INFO] CodeEngine:271 - Generated code: E:\WSN\New folder\Node_Sensor_1\MXTmpFiles\gpio.tmp
2023-03-17 11:03:50,841 [INFO] CodeEngine:247 - oldGeneratedFile, E:\WSN\New folder\Node_Sensor_1\Core\Src\stm32f1xx_it.c_save
2023-03-17 11:03:51,097 [INFO] CodeEngine:271 - Generated code: E:\WSN\New folder\Node_Sensor_1\Core\Src\stm32f1xx_it.c
2023-03-17 11:03:51,149 [INFO] CodeEngine:247 - oldGeneratedFile, E:\WSN\New folder\Node_Sensor_1\Core\Inc\stm32f1xx_it.h_save
2023-03-17 11:03:51,609 [INFO] CodeEngine:271 - Generated code: E:\WSN\New folder\Node_Sensor_1\Core\Inc\stm32f1xx_it.h
2023-03-17 11:03:51,768 [INFO] CodeEngine:247 - oldGeneratedFile, E:\WSN\New folder\Node_Sensor_1\Core\Src\stm32f1xx_hal_msp.c_save
2023-03-17 11:03:52,156 [INFO] CodeEngine:271 - Generated code: E:\WSN\New folder\Node_Sensor_1\Core\Src\stm32f1xx_hal_msp.c
2023-03-17 11:03:52,172 [INFO] CodeEngine:247 - oldGeneratedFile, E:\WSN\New folder\Node_Sensor_1\MXTmpFiles\system.tmp_save
2023-03-17 11:03:52,328 [INFO] CodeEngine:271 - Generated code: E:\WSN\New folder\Node_Sensor_1\MXTmpFiles\system.tmp
2023-03-17 11:03:52,467 [INFO] CodeEngine:303 - oldGeneratedFile, E:\WSN\New folder\Node_Sensor_1\Core\Inc\stm32f1xx_hal_conf.h_save
2023-03-17 11:03:52,751 [INFO] CodeEngine:327 - Generated code: E:\WSN\New folder\Node_Sensor_1\Core\Inc\stm32f1xx_hal_conf.h
2023-03-17 11:03:52,855 [WARN] IPConfigManager:3414 - IP not found : TIM
2023-03-17 11:03:52,863 [WARN] CodeGenerator:3583 - IP not found : null
2023-03-17 11:03:52,955 [INFO] CodeEngine:247 - oldGeneratedFile, E:\WSN\New folder\Node_Sensor_1\Core\Inc\main.h_save
2023-03-17 11:03:53,123 [INFO] CodeEngine:271 - Generated code: E:\WSN\New folder\Node_Sensor_1\Core\Inc\main.h
2023-03-17 11:03:53,151 [INFO] CodeEngine:247 - oldGeneratedFile, E:\WSN\New folder\Node_Sensor_1\Core\Src\main.c_save
2023-03-17 11:03:53,770 [INFO] CodeEngine:271 - Generated code: E:\WSN\New folder\Node_Sensor_1\Core\Src\main.c
2023-03-17 11:03:55,964 [INFO] ProjectBuilder:2919 - Time for Copy HAL[1] : 758mS.
2023-03-17 11:03:55,996 [INFO] ProjectBuilder:4183 - Project Generator version: 3.18.0-B7
2023-03-17 11:03:56,783 [INFO] ConfigFileManager:1396 - The Die is : DIE410
2023-03-17 11:03:56,815 [INFO] ApiDbMcu:505 - Load IP Config File for FATFS
2023-03-17 11:03:56,835 [INFO] ApiDbMcu:505 - Load IP Config File for FREERTOS
2023-03-17 11:03:56,863 [INFO] ApiDbMcu:505 - Load IP Config File for USB_DEVICE
2023-03-17 11:04:01,676 [INFO] ProjectBuilder:4351 - Time for Generating toolchain IDE Files: 5680mS.
2023-03-17 11:04:01,680 [INFO] ProjectBuilder:2790 - Time for Copy CMSIS : 4mS.
2023-03-17 11:04:01,712 [INFO] ProjectBuilder:2790 - Time for Copy CMSIS : 0mS.
