Removed Pin From Net: NetName=3V3 Pin=R3-1
Removed Pin From Net: NetName=NetLED3_1 Pin=R3-2
Removed Pin From Net: NetName=PB14 Pin=R4-1
Removed Pin From Net: NetName=VDD3V3 Pin=R4-2
Removed Pin From Net: NetName=NetLED4_1 Pin=R5-2
Removed Pin From Net: NetName=NetLED5_1 Pin=R6-2
Removed Pin From Net: NetName=PA9 Pin=R7-1
Removed Pin From Net: NetName=RXD Pin=R7-2
Removed Pin From Net: NetName=PA10 Pin=R9-1
Removed Pin From Net: NetName=TXD Pin=R9-2
Removed Pin From Net: NetName=BOOT0 Pin=R10-1
Removed Pin From Net: NetName=NetJ2_3 Pin=R10-2
Removed Pin From Net: NetName=NetJ2_4 Pin=R11-1
Removed Pin From Net: NetName=PB2 Pin=R11-2
Removed Pin From Net: NetName=3V3 Pin=R12-1
Removed Pin From Net: NetName=RESET Pin=R12-2
Removed Pin From Net: NetName=OSCIN Pin=R13-1
Removed Pin From Net: NetName=OSCOUT Pin=R13-2
Removed Pin From Net: NetName=3V3 Pin=R14-1
Removed Pin From Net: NetName=PB0 Pin=R14-2
Change Component Footprint: Designator=J6 Old Footprint=CON7 New Footprint=HDR1X7H
Change Component Footprint: Designator=Y2 Old Footprint=CRYSTAL New Footprint=CRYSTAL SMD 32,768 kHz
Change Component Footprint: Designator=R1 Old Footprint=RESC2012N_ZERO New Footprint=RESC2012X70N
Change Component Footprint: Designator=R2 Old Footprint=RESC2012N_ZERO New Footprint=RESC2012X70N
Change Component Footprint: Designator=R3 Old Footprint=RESC2012N_ZERO New Footprint=RESC2012X70N
Change Component Footprint: Designator=R4 Old Footprint=RESC2012N_ZERO New Footprint=RESC2012X70N
Change Component Footprint: Designator=R5 Old Footprint=RESC2012N_ZERO New Footprint=RESC2012X70N
Change Component Footprint: Designator=R6 Old Footprint=RESC2012N_ZERO New Footprint=RESC2012X70N
Change Component Footprint: Designator=R7 Old Footprint=RESC2012N_ZERO New Footprint=RESC2012X70N
Change Component Footprint: Designator=R9 Old Footprint=RESC2012N_ZERO New Footprint=RESC2012X70N
Change Component Footprint: Designator=R10 Old Footprint=RESC2012N_ZERO New Footprint=RESC2012X70N
Change Component Footprint: Designator=R11 Old Footprint=RESC2012N_ZERO New Footprint=RESC2012X70N
Change Component Footprint: Designator=R12 Old Footprint=RESC2012N_ZERO New Footprint=RESC2012X70N
Change Component Footprint: Designator=R13 Old Footprint=RESC2012N_ZERO New Footprint=RESC2012X70N
Change Component Footprint: Designator=R14 Old Footprint=RESC2012N_ZERO New Footprint=RESC2012X70N
Change Component Comment : Designator=BT1 Old Comment= New Comment=BT
Change Component Comment : Designator=Y2 Old Comment=8MHz New Comment=16Mhz
Change Component Comment : Designator=R9 Old Comment=100R New Comment=1K
Change Component Comment : Designator=R10 Old Comment=100R New Comment=1K
Change Component Comment : Designator=R14 Old Comment=100R New Comment=1M
Change Component Comment : Designator=R4 Old Comment=100R New Comment=10K
Change Component Comment : Designator=R11 Old Comment=100R New Comment=10K
Change Component Comment : Designator=R3 Old Comment=100R New Comment=100K
Change Component Comment : Designator=R8 Old Comment=100R New Comment=100K
Change Component Comment : Designator=R12 Old Comment=100R New Comment=100K
Change Component Comment : Designator=R13 Old Comment=100R New Comment=100K
Change Component Comment : Designator=R1 Old Comment=100R New Comment=330R
Change Component Comment : Designator=R2 Old Comment=100R New Comment=330R
Change Component Comment : Designator=R5 Old Comment=100R New Comment=330R
Change Component Comment : Designator=R6 Old Comment=100R New Comment=330R
Change Component Comment : Designator=R7 Old Comment=100R New Comment=330R
Change Component Comment : Designator=U2 Old Comment=STM32F103C8T6 New Comment=STM32F103xx_LQFP48
Change component parameters: Designator = "Y1"; Footprint = "Epson_MC-306_32.7680K-A0-ROHS_0"; UniqueID = "\OLWWANTY"
Change component parameters. Clean all parameters for all variants
Change component parameters (AddParameter): Name = "ComponentLink1Description"; Value = "Upverter"; VariantName = "[No Variations]"
Change component parameters (AddParameter): Name = "ComponentLink1URL"; Value = "https://upverter.com/upn/revision/56373362b6f292da/"; VariantName = "[No Variations]"
Change component parameters (AddParameter): Name = "ComponentLink2Description"; Value = "Datasheet"; VariantName = "[No Variations]"
Change component parameters (AddParameter): Name = "ComponentLink2URL"; Value = "http://media.digikey.com/pdf/Data%20Sheets/Epson%20PDFs/MC-306%20,405,%20406.pdf"; VariantName = "[No Variations]"
Change component parameters (AddParameter): Name = "Digikey Description"; Value = "CRYSTAL 32.7680KHZ 12.5PF SMD"; VariantName = "[No Variations]"
Change component parameters (AddParameter): Name = "Digikey Part Number"; Value = "SER2407CT-ND"; VariantName = "[No Variations]"
Change component parameters (AddParameter): Name = "helpURL"; Value = "https://upverter.com/upn/revision/56373362b6f292da/"; VariantName = "[No Variations]"
Change component parameters (AddParameter): Name = "Lead Free"; Value = "yes"; VariantName = "[No Variations]"
Change component parameters (AddParameter): Name = "Manufacturer"; Value = "Epson"; VariantName = "[No Variations]"
Change component parameters (AddParameter): Name = "Mouser Part Number"; Value = "732-MC30632.7680KA0R"; VariantName = "[No Variations]"
Change component parameters (AddParameter): Name = "Package"; Value = "SMT_XTAL_8MM0_3MM20"; VariantName = "[No Variations]"
Change component parameters (AddParameter): Name = "Part Number"; Value = "MC-306 32.7680K-A0:ROHS"; VariantName = "[No Variations]"
Change component parameters (AddParameter): Name = "Price"; Value = "0.391082880903"; VariantName = "[No Variations]"
Change component parameters (AddParameter): Name = "RoHS"; Value = "TRUE"; VariantName = "[No Variations]"
Change component parameters (AddParameter): Name = "Supplier 1"; Value = "Digi-Key"; VariantName = "[No Variations]"
Change component parameters (AddParameter): Name = "Supplier 2"; Value = "Mouser"; VariantName = "[No Variations]"
Change component parameters (AddParameter): Name = "Supplier Part Number 1"; Value = "SER2407CT-ND"; VariantName = "[No Variations]"
Change component parameters (AddParameter): Name = "Supplier Part Number 2"; Value = "732-MC30632.7680KA0R"; VariantName = "[No Variations]"
Change component parameters (AddParameter): Name = "Temperature"; Value = "-40°C to +85°C"; VariantName = "[No Variations]"
Change component parameters (AddParameter): Name = "Temperature Range High"; Value = "+85°C"; VariantName = "[No Variations]"
Change component parameters (AddParameter): Name = "Temperature Range Low"; Value = "-40°C"; VariantName = "[No Variations]"
Change component parameters: Designator = "C1"; Footprint = "CAPC2012X135N"; UniqueID = "\FALXPBXT"
Change component parameters. Clean all parameters for all variants
Change component parameters (AddParameter): Name = "Manufacturer 1"; Value = "AVX Corporation"; VariantName = "[No Variations]"
Change component parameters (AddParameter): Name = "Manufacturer Part Number 1"; Value = "08055C182KAT2A"; VariantName = "[No Variations]"
Change component parameters (AddParameter): Name = "Operating Temperature"; Value = "-55°C ~ 125°C"; VariantName = "[No Variations]"
Change component parameters (AddParameter): Name = "Package / Case"; Value = "0805 (2012 metric)"; VariantName = "[No Variations]"
Change component parameters (AddParameter): Name = "Ratings"; Value = "50V; X7R"; VariantName = "[No Variations]"
Change component parameters (AddParameter): Name = "SCDType"; Value = "source*"; VariantName = "[No Variations]"
Change component parameters (AddParameter): Name = "Supplier 1"; Value = "Digi-Key"; VariantName = "[No Variations]"
Change component parameters (AddParameter): Name = "Supplier Part Number 1"; Value = "478-1374-1-ND"; VariantName = "[No Variations]"
Change component parameters (AddParameter): Name = "Tolerance"; Value = "±10%"; VariantName = "[No Variations]"
Change component parameters (AddParameter): Name = "Value"; Value = "1n8"; VariantName = "[No Variations]"
Change component parameters: Designator = "C5"; Footprint = "CAPC2012X135N"; UniqueID = "\UKPXLALO"
Change component parameters. Clean all parameters for all variants
Change component parameters (AddParameter): Name = "Manufacturer 1"; Value = "AVX Corporation"; VariantName = "[No Variations]"
Change component parameters (AddParameter): Name = "Manufacturer Part Number 1"; Value = "08055C182KAT2A"; VariantName = "[No Variations]"
Change component parameters (AddParameter): Name = "Operating Temperature"; Value = "-55°C ~ 125°C"; VariantName = "[No Variations]"
Change component parameters (AddParameter): Name = "Package / Case"; Value = "0805 (2012 metric)"; VariantName = "[No Variations]"
Change component parameters (AddParameter): Name = "Ratings"; Value = "50V; X7R"; VariantName = "[No Variations]"
Change component parameters (AddParameter): Name = "SCDType"; Value = "source*"; VariantName = "[No Variations]"
Change component parameters (AddParameter): Name = "Supplier 1"; Value = "Digi-Key"; VariantName = "[No Variations]"
Change component parameters (AddParameter): Name = "Supplier Part Number 1"; Value = "478-1374-1-ND"; VariantName = "[No Variations]"
Change component parameters (AddParameter): Name = "Tolerance"; Value = "±10%"; VariantName = "[No Variations]"
Change component parameters (AddParameter): Name = "Value"; Value = "1n8"; VariantName = "[No Variations]"
Change component parameters: Designator = "C6"; Footprint = "CAPC2012X135N"; UniqueID = "\IYCPFMJJ"
Change component parameters. Clean all parameters for all variants
Change component parameters (AddParameter): Name = "Manufacturer 1"; Value = "AVX Corporation"; VariantName = "[No Variations]"
Change component parameters (AddParameter): Name = "Manufacturer Part Number 1"; Value = "08055C182KAT2A"; VariantName = "[No Variations]"
Change component parameters (AddParameter): Name = "Operating Temperature"; Value = "-55°C ~ 125°C"; VariantName = "[No Variations]"
Change component parameters (AddParameter): Name = "Package / Case"; Value = "0805 (2012 metric)"; VariantName = "[No Variations]"
Change component parameters (AddParameter): Name = "Ratings"; Value = "50V; X7R"; VariantName = "[No Variations]"
Change component parameters (AddParameter): Name = "SCDType"; Value = "source*"; VariantName = "[No Variations]"
Change component parameters (AddParameter): Name = "Supplier 1"; Value = "Digi-Key"; VariantName = "[No Variations]"
Change component parameters (AddParameter): Name = "Supplier Part Number 1"; Value = "478-1374-1-ND"; VariantName = "[No Variations]"
Change component parameters (AddParameter): Name = "Tolerance"; Value = "±10%"; VariantName = "[No Variations]"
Change component parameters (AddParameter): Name = "Value"; Value = "1n8"; VariantName = "[No Variations]"
Change component parameters: Designator = "C19"; Footprint = "CAPC2012X135N"; UniqueID = "\WRRELBBD"
Change component parameters. Clean all parameters for all variants
Change component parameters (AddParameter): Name = "Manufacturer 1"; Value = "AVX Corporation"; VariantName = "[No Variations]"
Change component parameters (AddParameter): Name = "Manufacturer Part Number 1"; Value = "08055C182KAT2A"; VariantName = "[No Variations]"
Change component parameters (AddParameter): Name = "Operating Temperature"; Value = "-55°C ~ 125°C"; VariantName = "[No Variations]"
Change component parameters (AddParameter): Name = "Package / Case"; Value = "0805 (2012 metric)"; VariantName = "[No Variations]"
Change component parameters (AddParameter): Name = "Ratings"; Value = "50V; X7R"; VariantName = "[No Variations]"
Change component parameters (AddParameter): Name = "SCDType"; Value = "source*"; VariantName = "[No Variations]"
Change component parameters (AddParameter): Name = "Supplier 1"; Value = "Digi-Key"; VariantName = "[No Variations]"
Change component parameters (AddParameter): Name = "Supplier Part Number 1"; Value = "478-1374-1-ND"; VariantName = "[No Variations]"
Change component parameters (AddParameter): Name = "Tolerance"; Value = "±10%"; VariantName = "[No Variations]"
Change component parameters (AddParameter): Name = "Value"; Value = "1n8"; VariantName = "[No Variations]"
Change component parameters: Designator = "C20"; Footprint = "CAPC2012X135N"; UniqueID = "\ASVWAPWB"
Change component parameters. Clean all parameters for all variants
Change component parameters (AddParameter): Name = "Manufacturer 1"; Value = "AVX Corporation"; VariantName = "[No Variations]"
Change component parameters (AddParameter): Name = "Manufacturer Part Number 1"; Value = "08055C182KAT2A"; VariantName = "[No Variations]"
Change component parameters (AddParameter): Name = "Operating Temperature"; Value = "-55°C ~ 125°C"; VariantName = "[No Variations]"
Change component parameters (AddParameter): Name = "Package / Case"; Value = "0805 (2012 metric)"; VariantName = "[No Variations]"
Change component parameters (AddParameter): Name = "Ratings"; Value = "50V; X7R"; VariantName = "[No Variations]"
Change component parameters (AddParameter): Name = "SCDType"; Value = "source*"; VariantName = "[No Variations]"
Change component parameters (AddParameter): Name = "Supplier 1"; Value = "Digi-Key"; VariantName = "[No Variations]"
Change component parameters (AddParameter): Name = "Supplier Part Number 1"; Value = "478-1374-1-ND"; VariantName = "[No Variations]"
Change component parameters (AddParameter): Name = "Tolerance"; Value = "±10%"; VariantName = "[No Variations]"
Change component parameters (AddParameter): Name = "Value"; Value = "1n8"; VariantName = "[No Variations]"
Change component parameters: Designator = "C21"; Footprint = "CAPC2012X135N"; UniqueID = "\XKWBXCEX"
Change component parameters. Clean all parameters for all variants
Change component parameters (AddParameter): Name = "Manufacturer 1"; Value = "AVX Corporation"; VariantName = "[No Variations]"
Change component parameters (AddParameter): Name = "Manufacturer Part Number 1"; Value = "08055C182KAT2A"; VariantName = "[No Variations]"
Change component parameters (AddParameter): Name = "Operating Temperature"; Value = "-55°C ~ 125°C"; VariantName = "[No Variations]"
Change component parameters (AddParameter): Name = "Package / Case"; Value = "0805 (2012 metric)"; VariantName = "[No Variations]"
Change component parameters (AddParameter): Name = "Ratings"; Value = "50V; X7R"; VariantName = "[No Variations]"
Change component parameters (AddParameter): Name = "SCDType"; Value = "source*"; VariantName = "[No Variations]"
Change component parameters (AddParameter): Name = "Supplier 1"; Value = "Digi-Key"; VariantName = "[No Variations]"
Change component parameters (AddParameter): Name = "Supplier Part Number 1"; Value = "478-1374-1-ND"; VariantName = "[No Variations]"
Change component parameters (AddParameter): Name = "Tolerance"; Value = "±10%"; VariantName = "[No Variations]"
Change component parameters (AddParameter): Name = "Value"; Value = "1n8"; VariantName = "[No Variations]"
Change component parameters: Designator = "C22"; Footprint = "CAPC2012X135N"; UniqueID = "\TGGEMIXC"
Change component parameters. Clean all parameters for all variants
Change component parameters (AddParameter): Name = "Manufacturer 1"; Value = "AVX Corporation"; VariantName = "[No Variations]"
Change component parameters (AddParameter): Name = "Manufacturer Part Number 1"; Value = "08055C182KAT2A"; VariantName = "[No Variations]"
Change component parameters (AddParameter): Name = "Operating Temperature"; Value = "-55°C ~ 125°C"; VariantName = "[No Variations]"
Change component parameters (AddParameter): Name = "Package / Case"; Value = "0805 (2012 metric)"; VariantName = "[No Variations]"
Change component parameters (AddParameter): Name = "Ratings"; Value = "50V; X7R"; VariantName = "[No Variations]"
Change component parameters (AddParameter): Name = "SCDType"; Value = "source*"; VariantName = "[No Variations]"
Change component parameters (AddParameter): Name = "Supplier 1"; Value = "Digi-Key"; VariantName = "[No Variations]"
Change component parameters (AddParameter): Name = "Supplier Part Number 1"; Value = "478-1374-1-ND"; VariantName = "[No Variations]"
Change component parameters (AddParameter): Name = "Tolerance"; Value = "±10%"; VariantName = "[No Variations]"
Change component parameters (AddParameter): Name = "Value"; Value = "1n8"; VariantName = "[No Variations]"
Change component parameters: Designator = "R1"; Footprint = "RESC2012X70N"; UniqueID = "\LYTKAYCA"
Change component parameters. Clean all parameters for all variants
Change component parameters (AddParameter): Name = "Value"; Value = "N/A"; VariantName = "[No Variations]"
Change component parameters: Designator = "R2"; Footprint = "RESC2012X70N"; UniqueID = "\LXGTGKYJ"
Change component parameters. Clean all parameters for all variants
Change component parameters (AddParameter): Name = "Value"; Value = "N/A"; VariantName = "[No Variations]"
Change component parameters: Designator = "R3"; Footprint = "RESC2012X70N"; UniqueID = "\HVMOHAJN"
Change component parameters. Clean all parameters for all variants
Change component parameters (AddParameter): Name = "Value"; Value = "N/A"; VariantName = "[No Variations]"
Change component parameters: Designator = "R4"; Footprint = "RESC2012X70N"; UniqueID = "\FQVSTKCQ"
Change component parameters. Clean all parameters for all variants
Change component parameters (AddParameter): Name = "Value"; Value = "N/A"; VariantName = "[No Variations]"
Change component parameters: Designator = "R5"; Footprint = "RESC2012X70N"; UniqueID = "\LAYITFTF"
Change component parameters. Clean all parameters for all variants
Change component parameters (AddParameter): Name = "Value"; Value = "N/A"; VariantName = "[No Variations]"
Change component parameters: Designator = "R6"; Footprint = "RESC2012X70N"; UniqueID = "\AECSCJAS"
Change component parameters. Clean all parameters for all variants
Change component parameters (AddParameter): Name = "Value"; Value = "N/A"; VariantName = "[No Variations]"
Change component parameters: Designator = "R7"; Footprint = "RESC2012X70N"; UniqueID = "\GCRGGDWB"
Change component parameters. Clean all parameters for all variants
Change component parameters (AddParameter): Name = "Value"; Value = "N/A"; VariantName = "[No Variations]"
Change component parameters: Designator = "R9"; Footprint = "RESC2012X70N"; UniqueID = "\XTSEAMGV"
Change component parameters. Clean all parameters for all variants
Change component parameters (AddParameter): Name = "Value"; Value = "N/A"; VariantName = "[No Variations]"
Change component parameters: Designator = "R10"; Footprint = "RESC2012X70N"; UniqueID = "\EHIYMCSJ"
Change component parameters. Clean all parameters for all variants
Change component parameters (AddParameter): Name = "Value"; Value = "N/A"; VariantName = "[No Variations]"
Change component parameters: Designator = "R11"; Footprint = "RESC2012X70N"; UniqueID = "\GFHORMDF"
Change component parameters. Clean all parameters for all variants
Change component parameters (AddParameter): Name = "Value"; Value = "N/A"; VariantName = "[No Variations]"
Change component parameters: Designator = "R12"; Footprint = "RESC2012X70N"; UniqueID = "\QIUAIVOD"
Change component parameters. Clean all parameters for all variants
Change component parameters (AddParameter): Name = "Value"; Value = "N/A"; VariantName = "[No Variations]"
Change component parameters: Designator = "R13"; Footprint = "RESC2012X70N"; UniqueID = "\SROWWWDS"
Change component parameters. Clean all parameters for all variants
Change component parameters (AddParameter): Name = "Value"; Value = "N/A"; VariantName = "[No Variations]"
Change component parameters: Designator = "R14"; Footprint = "RESC2012X70N"; UniqueID = "\BPBFILWQ"
Change component parameters. Clean all parameters for all variants
Change component parameters (AddParameter): Name = "Value"; Value = "N/A"; VariantName = "[No Variations]"
Added Pin To Net: NetName=PB14 Pin=R3-1
Added Pin To Net: NetName=VDD3V3 Pin=R3-2
Added Pin To Net: NetName=3V3 Pin=R4-1
Added Pin To Net: NetName=PB0 Pin=R4-2
Added Pin To Net: NetName=NetLED3_1 Pin=R5-2
Added Pin To Net: NetName=NetLED4_1 Pin=R6-2
Added Pin To Net: NetName=3V3 Pin=R7-1
Added Pin To Net: NetName=NetLED5_1 Pin=R7-2
Added Pin To Net: NetName=PA9 Pin=R9-1
Added Pin To Net: NetName=RXD Pin=R9-2
Added Pin To Net: NetName=PA10 Pin=R10-1
Added Pin To Net: NetName=TXD Pin=R10-2
Added Pin To Net: NetName=RESET Pin=R11-1
Added Pin To Net: NetName=3V3 Pin=R11-2
Added Pin To Net: NetName=BOOT0 Pin=R12-1
Added Pin To Net: NetName=NetJ2_3 Pin=R12-2
Added Pin To Net: NetName=NetJ2_4 Pin=R13-1
Added Pin To Net: NetName=PB2 Pin=R13-2
Added Pin To Net: NetName=OSCOUT Pin=R14-1
Added Pin To Net: NetName=OSCIN Pin=R14-2
Added Room: Name=Node_Sensor_Lora_Sche
