Replace Part BT1 BUTTON in E:\WSN\Node_Sensor_Design_Hardware\Node_Sensor_Lora_Sche.SchDoc with BUTTON from my_Library.SchLib
Replace Part BT2 BUTTON in E:\WSN\Node_Sensor_Design_Hardware\Node_Sensor_Lora_Sche.SchDoc with BUTTON from my_Library.SchLib
Replace Part C1 CAP C_0805 in E:\WSN\Node_Sensor_Design_Hardware\Node_Sensor_Lora_Sche.SchDoc with CAP C_0805 from my_Library.SchLib
Replace Part C2 CAP C_0805 in E:\WSN\Node_Sensor_Design_Hardware\Node_Sensor_Lora_Sche.SchDoc with CAP C_0805 from my_Library.SchLib
Replace Part C3 CAP C_0805 in E:\WSN\Node_Sensor_Design_Hardware\Node_Sensor_Lora_Sche.SchDoc with CAP C_0805 from my_Library.SchLib
Replace Part C4 CAP C_0805 in E:\WSN\Node_Sensor_Design_Hardware\Node_Sensor_Lora_Sche.SchDoc with CAP C_0805 from my_Library.SchLib
Replace Part C5 CAP C_0805 in E:\WSN\Node_Sensor_Design_Hardware\Node_Sensor_Lora_Sche.SchDoc with CAP C_0805 from my_Library.SchLib
Replace Part C6 CAP C_0805 in E:\WSN\Node_Sensor_Design_Hardware\Node_Sensor_Lora_Sche.SchDoc with CAP C_0805 from my_Library.SchLib
Replace Part C7 CAP C_0805 in E:\WSN\Node_Sensor_Design_Hardware\Node_Sensor_Lora_Sche.SchDoc with CAP C_0805 from my_Library.SchLib
Replace Part C8 CAP C_0805 in E:\WSN\Node_Sensor_Design_Hardware\Node_Sensor_Lora_Sche.SchDoc with CAP C_0805 from my_Library.SchLib
Replace Part C9 CAP C_0805 in E:\WSN\Node_Sensor_Design_Hardware\Node_Sensor_Lora_Sche.SchDoc with CAP C_0805 from my_Library.SchLib
Replace Part C10 CAP C_0805 in E:\WSN\Node_Sensor_Design_Hardware\Node_Sensor_Lora_Sche.SchDoc with CAP C_0805 from my_Library.SchLib
Replace Part C11 CAP C_0805 in E:\WSN\Node_Sensor_Design_Hardware\Node_Sensor_Lora_Sche.SchDoc with CAP C_0805 from my_Library.SchLib
Replace Part C12 CAP C_0805 in E:\WSN\Node_Sensor_Design_Hardware\Node_Sensor_Lora_Sche.SchDoc with CAP C_0805 from my_Library.SchLib
Replace Part C13 CAP C_0805 in E:\WSN\Node_Sensor_Design_Hardware\Node_Sensor_Lora_Sche.SchDoc with CAP C_0805 from my_Library.SchLib
Replace Part C14 CAP C_0805 in E:\WSN\Node_Sensor_Design_Hardware\Node_Sensor_Lora_Sche.SchDoc with CAP C_0805 from my_Library.SchLib
Replace Part C15 CAP C_0805 in E:\WSN\Node_Sensor_Design_Hardware\Node_Sensor_Lora_Sche.SchDoc with CAP C_0805 from my_Library.SchLib
Replace Part C16 CAP C_0805 in E:\WSN\Node_Sensor_Design_Hardware\Node_Sensor_Lora_Sche.SchDoc with CAP C_0805 from my_Library.SchLib
Replace Part C17 CAP C_0805 in E:\WSN\Node_Sensor_Design_Hardware\Node_Sensor_Lora_Sche.SchDoc with CAP C_0805 from my_Library.SchLib
Replace Part C18 CAP C_0805 in E:\WSN\Node_Sensor_Design_Hardware\Node_Sensor_Lora_Sche.SchDoc with CAP C_0805 from my_Library.SchLib
Replace Part C19 CAP C_0805 in E:\WSN\Node_Sensor_Design_Hardware\Node_Sensor_Lora_Sche.SchDoc with CAP C_0805 from my_Library.SchLib
Replace Part C20 CAP C_0805 in E:\WSN\Node_Sensor_Design_Hardware\Node_Sensor_Lora_Sche.SchDoc with CAP C_0805 from my_Library.SchLib
Replace Part C21 CAP C_0805 in E:\WSN\Node_Sensor_Design_Hardware\Node_Sensor_Lora_Sche.SchDoc with CAP C_0805 from my_Library.SchLib
Replace Part C22 CAP C_0805 in E:\WSN\Node_Sensor_Design_Hardware\Node_Sensor_Lora_Sche.SchDoc with CAP C_0805 from my_Library.SchLib
Replace Part C23 CAP C_0805 in E:\WSN\Node_Sensor_Design_Hardware\Node_Sensor_Lora_Sche.SchDoc with CAP C_0805 from my_Library.SchLib
Replace Part FB1 FERRITE_2K2-100MHz_0805 in E:\WSN\Node_Sensor_Design_Hardware\Node_Sensor_Lora_Sche.SchDoc with FERRITE_2K2-100MHz_0805 from my_Library.SchLib
Replace Part HD1 Header 2 in E:\WSN\Node_Sensor_Design_Hardware\Node_Sensor_Lora_Sche.SchDoc with Header 2 from my_Library.SchLib
Replace Part IC1 DS18S20 in E:\WSN\Node_Sensor_Design_Hardware\Node_Sensor_Lora_Sche.SchDoc with DS18S20 from my_Library.SchLib
Replace Part IC2 AMS1117 in E:\WSN\Node_Sensor_Design_Hardware\Node_Sensor_Lora_Sche.SchDoc with AMS1117 from my_Library.SchLib
Replace Part IC3 SPX3819 in E:\WSN\Node_Sensor_Design_Hardware\Node_Sensor_Lora_Sche.SchDoc with SPX3819 from my_Library.SchLib
Replace Part J1 Header_2pins in E:\WSN\Node_Sensor_Design_Hardware\Node_Sensor_Lora_Sche.SchDoc with Header_2pins from my_Library.SchLib
Replace Part J2 Header 3X2 in E:\WSN\Node_Sensor_Design_Hardware\Node_Sensor_Lora_Sche.SchDoc with Header 3X2 from my_Library.SchLib
Replace Part J3 Header 20 in E:\WSN\Node_Sensor_Design_Hardware\Node_Sensor_Lora_Sche.SchDoc with Header 20 from my_Library.SchLib
Replace Part J4 Header 20 in E:\WSN\Node_Sensor_Design_Hardware\Node_Sensor_Lora_Sche.SchDoc with Header 20 from my_Library.SchLib
Replace Part J5 Header 4 in E:\WSN\Node_Sensor_Design_Hardware\Node_Sensor_Lora_Sche.SchDoc with Header 4 from my_Library.SchLib
Replace Part J6 Header 7H in E:\WSN\Node_Sensor_Design_Hardware\Node_Sensor_Lora_Sche.SchDoc with Header 7H from my_Library.SchLib
Replace Part J7 Header 3 in E:\WSN\Node_Sensor_Design_Hardware\Node_Sensor_Lora_Sche.SchDoc with Header 3 from my_Library.SchLib
Replace Part LED1 LED SMD 0805 in E:\WSN\Node_Sensor_Design_Hardware\Node_Sensor_Lora_Sche.SchDoc with LED SMD 0805 from my_Library.SchLib
Replace Part LED2 LED SMD 0805 in E:\WSN\Node_Sensor_Design_Hardware\Node_Sensor_Lora_Sche.SchDoc with LED SMD 0805 from my_Library.SchLib
Replace Part LED3 LED SMD 0805 in E:\WSN\Node_Sensor_Design_Hardware\Node_Sensor_Lora_Sche.SchDoc with LED SMD 0805 from my_Library.SchLib
Replace Part LED4 LED SMD 0805 in E:\WSN\Node_Sensor_Design_Hardware\Node_Sensor_Lora_Sche.SchDoc with LED SMD 0805 from my_Library.SchLib
Replace Part LED5 LED SMD 0805 in E:\WSN\Node_Sensor_Design_Hardware\Node_Sensor_Lora_Sche.SchDoc with LED SMD 0805 from my_Library.SchLib
Replace Part R1 RES_0805 in E:\WSN\Node_Sensor_Design_Hardware\Node_Sensor_Lora_Sche.SchDoc with RES_0805 from my_Library.SchLib
Replace Part R2 RES_0805 in E:\WSN\Node_Sensor_Design_Hardware\Node_Sensor_Lora_Sche.SchDoc with RES_0805 from my_Library.SchLib
Replace Part R3 RES_0805 in E:\WSN\Node_Sensor_Design_Hardware\Node_Sensor_Lora_Sche.SchDoc with RES_0805 from my_Library.SchLib
Replace Part R4 RES_0805 in E:\WSN\Node_Sensor_Design_Hardware\Node_Sensor_Lora_Sche.SchDoc with RES_0805 from my_Library.SchLib
Replace Part R5 RES_0805 in E:\WSN\Node_Sensor_Design_Hardware\Node_Sensor_Lora_Sche.SchDoc with RES_0805 from my_Library.SchLib
Replace Part R6 RES_0805 in E:\WSN\Node_Sensor_Design_Hardware\Node_Sensor_Lora_Sche.SchDoc with RES_0805 from my_Library.SchLib
Replace Part R7 RES_0805 in E:\WSN\Node_Sensor_Design_Hardware\Node_Sensor_Lora_Sche.SchDoc with RES_0805 from my_Library.SchLib
Replace Part R8 RES_0805 in E:\WSN\Node_Sensor_Design_Hardware\Node_Sensor_Lora_Sche.SchDoc with RES_0805 from my_Library.SchLib
Replace Part R9 RES_0805 in E:\WSN\Node_Sensor_Design_Hardware\Node_Sensor_Lora_Sche.SchDoc with RES_0805 from my_Library.SchLib
Replace Part R10 RES_0805 in E:\WSN\Node_Sensor_Design_Hardware\Node_Sensor_Lora_Sche.SchDoc with RES_0805 from my_Library.SchLib
Replace Part R11 RES_0805 in E:\WSN\Node_Sensor_Design_Hardware\Node_Sensor_Lora_Sche.SchDoc with RES_0805 from my_Library.SchLib
Replace Part R12 RES_0805 in E:\WSN\Node_Sensor_Design_Hardware\Node_Sensor_Lora_Sche.SchDoc with RES_0805 from my_Library.SchLib
Replace Part R13 RES_0805 in E:\WSN\Node_Sensor_Design_Hardware\Node_Sensor_Lora_Sche.SchDoc with RES_0805 from my_Library.SchLib
Replace Part R14 RES_0805 in E:\WSN\Node_Sensor_Design_Hardware\Node_Sensor_Lora_Sche.SchDoc with RES_0805 from my_Library.SchLib
Replace Part S1 Screw in E:\WSN\Node_Sensor_Design_Hardware\Node_Sensor_Lora_Sche.SchDoc with Screw from lpson.SchLib
Replace Part S2 Screw in E:\WSN\Node_Sensor_Design_Hardware\Node_Sensor_Lora_Sche.SchDoc with Screw from lpson.SchLib
Replace Part S3 Screw in E:\WSN\Node_Sensor_Design_Hardware\Node_Sensor_Lora_Sche.SchDoc with Screw from lpson.SchLib
Replace Part S4 Screw in E:\WSN\Node_Sensor_Design_Hardware\Node_Sensor_Lora_Sche.SchDoc with Screw from lpson.SchLib
Replace Part SW1 SW102A in E:\WSN\Node_Sensor_Design_Hardware\Node_Sensor_Lora_Sche.SchDoc with SW102A from my_Library.SchLib
Replace Part U1 Module Lora E32_TTL_100 in E:\WSN\Node_Sensor_Design_Hardware\Node_Sensor_Lora_Sche.SchDoc with Module Lora E32_TTL_100 from my_Library.SchLib
Replace Part U2 STM32F103xx_LQFP48 in E:\WSN\Node_Sensor_Design_Hardware\Node_Sensor_Lora_Sche.SchDoc with STM32F103xx_LQFP48 from my_Library.SchLib
Replace Part Y1 Crys_Epson_MC-306_32.7680K-A0-ROHS_eec in E:\WSN\Node_Sensor_Design_Hardware\Node_Sensor_Lora_Sche.SchDoc with Crys_Epson_MC-306_32.7680K-A0-ROHS_eec from Crys_Epson_MC-306_32.7680K-A0-ROHS_eec.SchLib
Replace Part Y2 CRYSTAL in E:\WSN\Node_Sensor_Design_Hardware\Node_Sensor_Lora_Sche.SchDoc with CRYSTAL from my_Library.SchLib
