Replace Part BT? BUTTON in E:\WSN\Node_Sensor_Design_Hardware\Node_Sensor_Lora_Sche.SchDoc with BUTTON from my_Library.SchLib
Replace Part C? CAP C_0805 in E:\WSN\Node_Sensor_Design_Hardware\Node_Sensor_Lora_Sche.SchDoc with CAP C_0805 from my_Library.SchLib
Replace Part C? CAP C_0805 in E:\WSN\Node_Sensor_Design_Hardware\Node_Sensor_Lora_Sche.SchDoc with CAP C_0805 from my_Library.SchLib
Replace Part C? CAP C_0805 in E:\WSN\Node_Sensor_Design_Hardware\Node_Sensor_Lora_Sche.SchDoc with CAP C_0805 from my_Library.SchLib
Replace Part C? CAP C_0805 in E:\WSN\Node_Sensor_Design_Hardware\Node_Sensor_Lora_Sche.SchDoc with CAP C_0805 from my_Library.SchLib
Replace Part C? CAP C_0805 in E:\WSN\Node_Sensor_Design_Hardware\Node_Sensor_Lora_Sche.SchDoc with CAP C_0805 from my_Library.SchLib
Replace Part C? CAP C_0805 in E:\WSN\Node_Sensor_Design_Hardware\Node_Sensor_Lora_Sche.SchDoc with CAP C_0805 from my_Library.SchLib
Replace Part C? CAP C_0805 in E:\WSN\Node_Sensor_Design_Hardware\Node_Sensor_Lora_Sche.SchDoc with CAP C_0805 from my_Library.SchLib
Replace Part C? CAP C_0805 in E:\WSN\Node_Sensor_Design_Hardware\Node_Sensor_Lora_Sche.SchDoc with CAP C_0805 from my_Library.SchLib
Replace Part C? CAP C_0805 in E:\WSN\Node_Sensor_Design_Hardware\Node_Sensor_Lora_Sche.SchDoc with CAP C_0805 from my_Library.SchLib
Replace Part C? CAP C_0805 in E:\WSN\Node_Sensor_Design_Hardware\Node_Sensor_Lora_Sche.SchDoc with CAP C_0805 from my_Library.SchLib
Replace Part C? CAP C_0805 in E:\WSN\Node_Sensor_Design_Hardware\Node_Sensor_Lora_Sche.SchDoc with CAP C_0805 from my_Library.SchLib
Replace Part C? CAP C_0805 in E:\WSN\Node_Sensor_Design_Hardware\Node_Sensor_Lora_Sche.SchDoc with CAP C_0805 from my_Library.SchLib
Replace Part C? CAP C_0805 in E:\WSN\Node_Sensor_Design_Hardware\Node_Sensor_Lora_Sche.SchDoc with CAP C_0805 from my_Library.SchLib
Replace Part C? CAP C_0805 in E:\WSN\Node_Sensor_Design_Hardware\Node_Sensor_Lora_Sche.SchDoc with CAP C_0805 from my_Library.SchLib
Replace Part C? CAP C_0805 in E:\WSN\Node_Sensor_Design_Hardware\Node_Sensor_Lora_Sche.SchDoc with CAP C_0805 from my_Library.SchLib
Replace Part C? CAP C_0805 in E:\WSN\Node_Sensor_Design_Hardware\Node_Sensor_Lora_Sche.SchDoc with CAP C_0805 from my_Library.SchLib
Replace Part C? CAP C_0805 in E:\WSN\Node_Sensor_Design_Hardware\Node_Sensor_Lora_Sche.SchDoc with CAP C_0805 from my_Library.SchLib
Replace Part C? CAP C_0805 in E:\WSN\Node_Sensor_Design_Hardware\Node_Sensor_Lora_Sche.SchDoc with CAP C_0805 from my_Library.SchLib
Replace Part C? CAP C_0805 in E:\WSN\Node_Sensor_Design_Hardware\Node_Sensor_Lora_Sche.SchDoc with CAP C_0805 from my_Library.SchLib
Replace Part C? CAP C_0805 in E:\WSN\Node_Sensor_Design_Hardware\Node_Sensor_Lora_Sche.SchDoc with CAP C_0805 from my_Library.SchLib
Replace Part C? CAP C_0805 in E:\WSN\Node_Sensor_Design_Hardware\Node_Sensor_Lora_Sche.SchDoc with CAP C_0805 from my_Library.SchLib
Replace Part C? CAP C_0805 in E:\WSN\Node_Sensor_Design_Hardware\Node_Sensor_Lora_Sche.SchDoc with CAP C_0805 from my_Library.SchLib
Replace Part C? CAP C_0805 in E:\WSN\Node_Sensor_Design_Hardware\Node_Sensor_Lora_Sche.SchDoc with CAP C_0805 from my_Library.SchLib
Replace Part FB? FERRITE_2K2-100MHz_0805 in E:\WSN\Node_Sensor_Design_Hardware\Node_Sensor_Lora_Sche.SchDoc with FERRITE_2K2-100MHz_0805 from my_Library.SchLib
Replace Part HD? Header 2 in E:\WSN\Node_Sensor_Design_Hardware\Node_Sensor_Lora_Sche.SchDoc with Header 2 from my_Library.SchLib
Replace Part IC? SPX3819 in E:\WSN\Node_Sensor_Design_Hardware\Node_Sensor_Lora_Sche.SchDoc with SPX3819 from my_Library.SchLib
Replace Part IC? DS18S20 in E:\WSN\Node_Sensor_Design_Hardware\Node_Sensor_Lora_Sche.SchDoc with DS18S20 from my_Library.SchLib
Replace Part J? Header_2pins in E:\WSN\Node_Sensor_Design_Hardware\Node_Sensor_Lora_Sche.SchDoc with Header_2pins from my_Library.SchLib
Replace Part J? Header 4 in E:\WSN\Node_Sensor_Design_Hardware\Node_Sensor_Lora_Sche.SchDoc with Header 4 from my_Library.SchLib
Replace Part LED? LED SMD 0805 in E:\WSN\Node_Sensor_Design_Hardware\Node_Sensor_Lora_Sche.SchDoc with LED SMD 0805 from my_Library.SchLib
Replace Part LED? LED SMD 0805 in E:\WSN\Node_Sensor_Design_Hardware\Node_Sensor_Lora_Sche.SchDoc with LED SMD 0805 from my_Library.SchLib
Replace Part LED? LED SMD 0805 in E:\WSN\Node_Sensor_Design_Hardware\Node_Sensor_Lora_Sche.SchDoc with LED SMD 0805 from my_Library.SchLib
Replace Part LED? LED SMD 0805 in E:\WSN\Node_Sensor_Design_Hardware\Node_Sensor_Lora_Sche.SchDoc with LED SMD 0805 from my_Library.SchLib
Replace Part LED? LED SMD 0805 in E:\WSN\Node_Sensor_Design_Hardware\Node_Sensor_Lora_Sche.SchDoc with LED SMD 0805 from my_Library.SchLib
Replace Part P? Header 3X2 in E:\WSN\Node_Sensor_Design_Hardware\Node_Sensor_Lora_Sche.SchDoc with Header 3X2 from my_Library.SchLib
Replace Part P? Header 20 in E:\WSN\Node_Sensor_Design_Hardware\Node_Sensor_Lora_Sche.SchDoc with Header 20 from my_Library.SchLib
Replace Part P? Header 20 in E:\WSN\Node_Sensor_Design_Hardware\Node_Sensor_Lora_Sche.SchDoc with Header 20 from my_Library.SchLib
Replace Part R? RES_0805 in E:\WSN\Node_Sensor_Design_Hardware\Node_Sensor_Lora_Sche.SchDoc with RES_0805 from my_Library.SchLib
Replace Part R? RES_0805 in E:\WSN\Node_Sensor_Design_Hardware\Node_Sensor_Lora_Sche.SchDoc with RES_0805 from my_Library.SchLib
Replace Part R? RES_0805 in E:\WSN\Node_Sensor_Design_Hardware\Node_Sensor_Lora_Sche.SchDoc with RES_0805 from my_Library.SchLib
Replace Part R? RES_0805 in E:\WSN\Node_Sensor_Design_Hardware\Node_Sensor_Lora_Sche.SchDoc with RES_0805 from my_Library.SchLib
Replace Part R? RES_0805 in E:\WSN\Node_Sensor_Design_Hardware\Node_Sensor_Lora_Sche.SchDoc with RES_0805 from my_Library.SchLib
Replace Part R? RES_0805 in E:\WSN\Node_Sensor_Design_Hardware\Node_Sensor_Lora_Sche.SchDoc with RES_0805 from my_Library.SchLib
Replace Part R? RES_0805 in E:\WSN\Node_Sensor_Design_Hardware\Node_Sensor_Lora_Sche.SchDoc with RES_0805 from my_Library.SchLib
Replace Part R? RES_0805 in E:\WSN\Node_Sensor_Design_Hardware\Node_Sensor_Lora_Sche.SchDoc with RES_0805 from my_Library.SchLib
Replace Part R? RES_0805 in E:\WSN\Node_Sensor_Design_Hardware\Node_Sensor_Lora_Sche.SchDoc with RES_0805 from my_Library.SchLib
Replace Part R? RES_0805 in E:\WSN\Node_Sensor_Design_Hardware\Node_Sensor_Lora_Sche.SchDoc with RES_0805 from my_Library.SchLib
Replace Part R? RES_0805 in E:\WSN\Node_Sensor_Design_Hardware\Node_Sensor_Lora_Sche.SchDoc with RES_0805 from my_Library.SchLib
Replace Part R? RES_0805 in E:\WSN\Node_Sensor_Design_Hardware\Node_Sensor_Lora_Sche.SchDoc with RES_0805 from my_Library.SchLib
Replace Part R? RES_0805 in E:\WSN\Node_Sensor_Design_Hardware\Node_Sensor_Lora_Sche.SchDoc with RES_0805 from my_Library.SchLib
Replace Part U? AMS1117 in E:\WSN\Node_Sensor_Design_Hardware\Node_Sensor_Lora_Sche.SchDoc with AMS1117 from my_Library.SchLib
Replace Part U? STM32F103xx_LQFP48 in E:\WSN\Node_Sensor_Design_Hardware\Node_Sensor_Lora_Sche.SchDoc with STM32F103xx_LQFP48 from my_Library.SchLib
Replace Part U? Module Lora E32_TTL_100 in E:\WSN\Node_Sensor_Design_Hardware\Node_Sensor_Lora_Sche.SchDoc with Module Lora E32_TTL_100 from my_Library.SchLib
Replace Part Y? CRYSTAL in E:\WSN\Node_Sensor_Design_Hardware\Node_Sensor_Lora_Sche.SchDoc with CRYSTAL from my_Library.SchLib
Replace Part Y? CRYSTAL in E:\WSN\Node_Sensor_Design_Hardware\Node_Sensor_Lora_Sche.SchDoc with CRYSTAL from my_Library.SchLib
